<?xml version="1.0" encoding="UTF-8"?>
<testsuite xmlns:xsi="http://www.w3.org/2001/XMLSchema-instance" xsi:noNamespaceSchemaLocation="https://maven.apache.org/surefire/maven-failsafe-plugin/xsd/failsafe-test-report.xsd" name="hrm.LoginRunner" time="310.062" tests="13" errors="12" skipped="0" failures="0">
  <properties>
[...]
</properties>
  <testcase name="Kịch bản kiểm thử chức năng Đăng ký ngày nghỉ" classname="Kịch bản kiểm thử chức năng Đăng ký ngày nghỉ" time="14.411">
    <error message="Expected condition failed: waiting for presence of element located by: By.xpath: //input[@id=&apos;login&apos;] (tried for 5 second(s) with 50 milliseconds interval)" type="org.openqa.selenium.TimeoutException">org.openqa.selenium.TimeoutException: Expected condition failed: waiting for presence of element located by: By.xpath: //input[@id='login'] (tried for 5 second(s) with 50 milliseconds interval)
Caused by: org.openqa.selenium.NoSuchElementException: 
no such element: Unable to locate element: {"method":"xpath","selector":"//input[@id='login']"}
  (Session info: chrome=78.0.3904.108)
For documentation on this error, please visit: https://www.seleniumhq.org/exceptions/no_such_element.html
Build info: version: '3.141.59', revision: 'e82be7d358', time: '2018-11-14T08:17:03'
System info: host: 'DESKTOP-BJ1JOQA', ip: '192.168.1.12', os.name: 'Windows 10', os.arch: 'amd64', os.version: '10.0', java.version: '1.8.0_111'
Driver info: org.openqa.selenium.chrome.ChromeDriver
Capabilities {acceptInsecureCerts: false, browserName: chrome, browserVersion: 78.0.3904.108, chrome: {chromedriverVersion: 78.0.3904.70 (edb9c9f3de024..., userDataDir: C:\Users\ngocn\AppData\Loca...}, goog:chromeOptions: {debuggerAddress: localhost:61663}, javascriptEnabled: true, networkConnectionEnabled: false, pageLoadStrategy: normal, platform: XP, platformName: XP, proxy: Proxy(), setWindowRect: true, strictFileInteractability: false, timeouts: {implicit: 0, pageLoad: 300000, script: 30000}, unhandledPromptBehavior: dismiss and notify}
Session ID: 4c08000c44b925ec0f40fc054a9e03b5
*** Element info: {Using=xpath, value=//input[@id='login']}
</error>
    <system-out><![CDATA[@DangKyNghi_CTR
Feature: K?ch b?n ki?m th? ch?c n?ng ??ng ký ngày ngh?

  Scenario Outline: K?ch b?n ki?m th? ch?c n?ng ??ng ký ngày ngh? &amp#27;[90m# src/test/resources/features/2_DangKyNghi_CTR_DATA.feature:4&amp#27;[0m
    &amp#27;[36mGiven Thiet lap du lieu nhu "<DATA KEY>"&amp#27;[0m
    &amp#27;[36mWhen Nguoi dung dang nhap vao he thong nhu "<LOGIN>"&amp#27;[0m
    &amp#27;[36mWhen Nguoi dung vao menu nhu "<MENU>"&amp#27;[0m
    &amp#27;[36mGiven Nhap T?O M?I ??NG KÝ NGH? nhu "<NHAP TMDKN>"&amp#27;[0m
    &amp#27;[36mWhen Thuc hien T?O M?I ??NG KÝ NGH? nhu "<THUC HIEN TMDKN>"&amp#27;[0m
    &amp#27;[36mThen Kiem tra T?O M?I ??NG KÝ NGH? nhu "<KIEM TRA TMDKN>"&amp#27;[0m
    &amp#27;[36mWhen Thuc hien MAIN PAGE nhu "<THUC HIEN MP>"&amp#27;[0m

    Examples: 

  @DangKyNghi_CTR
  Scenario Outline: K?ch b?n ki?m th? ch?c n?ng ??ng ký ngày ngh? &amp#27;[90m# src/test/resources/features/2_DangKyNghi_CTR_DATA.feature:61&amp#27;[0m
***** INFO ***** Loading data from Data Table into [SESSION_DATA]
***** INFO ***** : Add [tranngocanh@vnpt.vn] value to [EMAIL] KEY
***** INFO ***** : Add [Vnpt#123] value to [PASSWORD] KEY
    &amp#27;[32mGiven &amp#27;[0m&amp#27;[32mThiet lap du lieu nhu "&amp#27;[0m&amp#27;[32m&amp#27;[1m001&amp#27;[0m&amp#27;[32m"&amp#27;[0m                             &amp#27;[90m# CommonDefs.nguoi_dung_thiet_lap_du_lieu_nhu(String,String>>)&amp#27;[0m
***** INFO ***** Loading data from Data Table into [LOGIN]
***WARNING*** Column [Hien thi thong bao] not found in Data Table [LOGIN].
Nguoi dung dang nhap vao he thong nhu LOGIN
    &amp#27;[31mWhen &amp#27;[0m&amp#27;[31mNguoi dung dang nhap vao he thong nhu "&amp#27;[0m&amp#27;[31m&amp#27;[1m001&amp#27;[0m&amp#27;[31m"&amp#27;[0m              &amp#27;[90m# CommonDefs.nguoi_dung_dang_nhap_vao_he_thong_nhu(String,String>>)&amp#27;[0m
      &amp#27;[31morg.openqa.selenium.TimeoutException: Expected condition failed: waiting for presence of element located by: By.xpath: //input[@id='login'] (tried for 5 second(s) with 50 milliseconds interval)
	at org.openqa.selenium.support.ui.FluentWait.timeoutException(FluentWait.java:304)
	at org.openqa.selenium.support.ui.FluentWait.until(FluentWait.java:272)
	at net.serenitybdd.core.pages.RenderedPageObjectView.waitFor(RenderedPageObjectView.java:105)
	at net.serenitybdd.core.pages.PageObject.waitFor(PageObject.java:341)
	at hrm.lib.MyPageObject.waitElementToBePresentThenScrollIntoViewAndHighlight(MyPageObject.java:374)
	at hrm.lib.MyPageObject.XH(MyPageObject.java:382)
	at hrm.lib.MyPageObject.waitClearAndType(MyPageObject.java:557)
	at hrm.pages.LoginPage.enter_email(LoginPage.java:18)
	at hrm.steps.serenity.LoginSteps.enter_email(LoginSteps.java:25)
	at hrm.steps.serenity.LoginSteps$$EnhancerByCGLIB$$41aded6b.CGLIB$enter_email$11(<generated>)
	at hrm.steps.serenity.LoginSteps$$EnhancerByCGLIB$$41aded6b$$FastClassByCGLIB$$2dfddebc.invoke(<generated>)
	at net.sf.cglib.proxy.MethodProxy.invokeSuper(MethodProxy.java:228)
	at net.thucydides.core.steps.StepInterceptor.invokeMethod(StepInterceptor.java:460)
	at net.thucydides.core.steps.StepInterceptor.executeTestStepMethod(StepInterceptor.java:445)
	at net.thucydides.core.steps.StepInterceptor.runTestStep(StepInterceptor.java:420)
	at net.thucydides.core.steps.StepInterceptor.runOrSkipMethod(StepInterceptor.java:175)
	at net.thucydides.core.steps.StepInterceptor.testStepResult(StepInterceptor.java:162)
	at net.thucydides.core.steps.StepInterceptor.intercept(StepInterceptor.java:68)
	at hrm.steps.serenity.LoginSteps$$EnhancerByCGLIB$$41aded6b.enter_email(<generated>)
	at hrm.common.step.defs.CommonDefs.nguoi_dung_dang_nhap_vao_he_thong_nhu(CommonDefs.java:95)
	at ?.Nguoi dung dang nhap vao he thong nhu "001"(src/test/resources/features/2_DangKyNghi_CTR_DATA.feature:9)
Caused by: org.openqa.selenium.NoSuchElementException: no such element: Unable to locate element: {"method":"xpath","selector":"//input[@id='login']"}
  (Session info: chrome=78.0.3904.108)
For documentation on this error, please visit: https://www.seleniumhq.org/exceptions/no_such_element.html
Build info: version: '3.141.59', revision: 'e82be7d358', time: '2018-11-14T08:17:03'
System info: host: 'DESKTOP-BJ1JOQA', ip: '192.168.1.12', os.name: 'Windows 10', os.arch: 'amd64', os.version: '10.0', java.version: '1.8.0_111'
Driver info: org.openqa.selenium.chrome.ChromeDriver
Capabilities {acceptInsecureCerts: false, browserName: chrome, browserVersion: 78.0.3904.108, chrome: {chromedriverVersion: 78.0.3904.70 (edb9c9f3de024..., userDataDir: C:\Users\ngocn\AppData\Loca...}, goog:chromeOptions: {debuggerAddress: localhost:61663}, javascriptEnabled: true, networkConnectionEnabled: false, pageLoadStrategy: normal, platform: XP, platformName: XP, proxy: Proxy(), setWindowRect: true, strictFileInteractability: false, timeouts: {implicit: 0, pageLoad: 300000, script: 30000}, unhandledPromptBehavior: dismiss and notify}
Session ID: 4c08000c44b925ec0f40fc054a9e03b5
*** Element info: {Using=xpath, value=//input[@id='login']}
	at sun.reflect.NativeConstructorAccessorImpl.newInstance0(Native Method)
	at sun.reflect.NativeConstructorAccessorImpl.newInstance(NativeConstructorAccessorImpl.java:62)
	at sun.reflect.DelegatingConstructorAccessorImpl.newInstance(DelegatingConstructorAccessorImpl.java:45)
	at java.lang.reflect.Constructor.newInstance(Constructor.java:423)
	at org.openqa.selenium.remote.http.W3CHttpResponseCodec.createException(W3CHttpResponseCodec.java:187)
	at org.openqa.selenium.remote.http.W3CHttpResponseCodec.decode(W3CHttpResponseCodec.java:122)
	at org.openqa.selenium.remote.http.W3CHttpResponseCodec.decode(W3CHttpResponseCodec.java:49)
	at org.openqa.selenium.remote.HttpCommandExecutor.execute(HttpCommandExecutor.java:158)
	at org.openqa.selenium.remote.service.DriverCommandExecutor.execute(DriverCommandExecutor.java:83)
	at org.openqa.selenium.remote.RemoteWebDriver.execute(RemoteWebDriver.java:552)
	at org.openqa.selenium.remote.RemoteWebDriver.findElement(RemoteWebDriver.java:323)
	at org.openqa.selenium.remote.RemoteWebDriver.findElementByXPath(RemoteWebDriver.java:428)
	at org.openqa.selenium.By$ByXPath.findElement(By.java:353)
	at org.openqa.selenium.remote.RemoteWebDriver.findElement(RemoteWebDriver.java:315)
	at net.thucydides.core.webdriver.WebDriverFacade.findElement(WebDriverFacade.java:222)
	at org.openqa.selenium.support.ui.ExpectedConditions$6.apply(ExpectedConditions.java:182)
	at org.openqa.selenium.support.ui.ExpectedConditions$6.apply(ExpectedConditions.java:179)
	at org.openqa.selenium.support.ui.FluentWait.until(FluentWait.java:249)
	at net.serenitybdd.core.pages.RenderedPageObjectView.waitFor(RenderedPageObjectView.java:105)
	at net.serenitybdd.core.pages.PageObject.waitFor(PageObject.java:341)
	at hrm.lib.MyPageObject.waitElementToBePresentThenScrollIntoViewAndHighlight(MyPageObject.java:374)
	at hrm.lib.MyPageObject.XH(MyPageObject.java:382)
	at hrm.lib.MyPageObject.waitClearAndType(MyPageObject.java:557)
	at hrm.pages.LoginPage.enter_email(LoginPage.java:18)
	at hrm.steps.serenity.LoginSteps.enter_email(LoginSteps.java:25)
	at hrm.steps.serenity.LoginSteps$$EnhancerByCGLIB$$41aded6b.CGLIB$enter_email$11(<generated>)
	at hrm.steps.serenity.LoginSteps$$EnhancerByCGLIB$$41aded6b$$FastClassByCGLIB$$2dfddebc.invoke(<generated>)
	at net.sf.cglib.proxy.MethodProxy.invokeSuper(MethodProxy.java:228)
	at net.thucydides.core.steps.StepInterceptor.invokeMethod(StepInterceptor.java:460)
	at net.thucydides.core.steps.StepInterceptor.executeTestStepMethod(StepInterceptor.java:445)
	at net.thucydides.core.steps.StepInterceptor.runTestStep(StepInterceptor.java:420)
	at net.thucydides.core.steps.StepInterceptor.runOrSkipMethod(StepInterceptor.java:175)
	at net.thucydides.core.steps.StepInterceptor.testStepResult(StepInterceptor.java:162)
	at net.thucydides.core.steps.StepInterceptor.intercept(StepInterceptor.java:68)
	at hrm.steps.serenity.LoginSteps$$EnhancerByCGLIB$$41aded6b.enter_email(<generated>)
	at hrm.common.step.defs.CommonDefs.nguoi_dung_dang_nhap_vao_he_thong_nhu(CommonDefs.java:95)
	at sun.reflect.NativeMethodAccessorImpl.invoke0(Native Method)
	at sun.reflect.NativeMethodAccessorImpl.invoke(NativeMethodAccessorImpl.java:62)
	at sun.reflect.DelegatingMethodAccessorImpl.invoke(DelegatingMethodAccessorImpl.java:43)
	at java.lang.reflect.Method.invoke(Method.java:498)
	at cucumber.runtime.Utils$1.call(Utils.java:31)
	at cucumber.runtime.Timeout.timeout(Timeout.java:16)
	at cucumber.runtime.Utils.invoke(Utils.java:25)
	at cucumber.runtime.java.JavaStepDefinition.execute(JavaStepDefinition.java:37)
	at cucumber.runtime.StepDefinitionMatch.runStep(StepDefinitionMatch.java:40)
	at cucumber.api.TestStep.executeStep(TestStep.java:102)
	at cucumber.api.TestStep.run(TestStep.java:83)
	at cucumber.api.TestCase.run(TestCase.java:58)
	at cucumber.runner.Runner.runPickle(Runner.java:80)
	at cucumber.runtime.junit.PickleRunners$NoStepDescriptions.run(PickleRunners.java:140)
	at cucumber.runtime.junit.FeatureRunner.runChild(FeatureRunner.java:68)
	at cucumber.runtime.junit.FeatureRunner.runChild(FeatureRunner.java:23)
	at org.junit.runners.ParentRunner$3.run(ParentRunner.java:290)
	at org.junit.runners.ParentRunner$1.schedule(ParentRunner.java:71)
	at org.junit.runners.ParentRunner.runChildren(ParentRunner.java:288)
	at org.junit.runners.ParentRunner.access$000(ParentRunner.java:58)
	at org.junit.runners.ParentRunner$2.evaluate(ParentRunner.java:268)
	at org.junit.runners.ParentRunner.run(ParentRunner.java:363)
	at cucumber.runtime.junit.FeatureRunner.run(FeatureRunner.java:73)
	at cucumber.api.junit.Cucumber.runChild(Cucumber.java:118)
	at cucumber.api.junit.Cucumber.runChild(Cucumber.java:56)
	at org.junit.runners.ParentRunner$3.run(ParentRunner.java:290)
	at org.junit.runners.ParentRunner$1.schedule(ParentRunner.java:71)
	at org.junit.runners.ParentRunner.runChildren(ParentRunner.java:288)
	at org.junit.runners.ParentRunner.access$000(ParentRunner.java:58)
	at org.junit.runners.ParentRunner$2.evaluate(ParentRunner.java:268)
	at cucumber.api.junit.Cucumber$1.evaluate(Cucumber.java:127)
	at org.junit.runners.ParentRunner.run(ParentRunner.java:363)
	at org.apache.maven.surefire.junit4.JUnit4Provider.execute(JUnit4Provider.java:365)
	at org.apache.maven.surefire.junit4.JUnit4Provider.executeWithRerun(JUnit4Provider.java:273)
	at org.apache.maven.surefire.junit4.JUnit4Provider.executeTestSet(JUnit4Provider.java:238)
	at org.apache.maven.surefire.junit4.JUnit4Provider.invoke(JUnit4Provider.java:159)
	at org.apache.maven.surefire.booter.ForkedBooter.invokeProviderInSameClassLoader(ForkedBooter.java:384)
	at org.apache.maven.surefire.booter.ForkedBooter.runSuitesInProcess(ForkedBooter.java:345)
	at org.apache.maven.surefire.booter.ForkedBooter.execute(ForkedBooter.java:126)
	at org.apache.maven.surefire.booter.ForkedBooter.main(ForkedBooter.java:418)
&amp#27;[0m
    &amp#27;[36mWhen &amp#27;[0m&amp#27;[36mNguoi dung vao menu nhu "&amp#27;[0m&amp#27;[36m&amp#27;[1m001&amp#27;[0m&amp#27;[36m"&amp#27;[0m                            &amp#27;[90m# CommonDefs.nguoi_dung_vao_menu_nhu(String,String>>)&amp#27;[0m
    &amp#27;[36mGiven &amp#27;[0m&amp#27;[36mNhap T?O M?I ??NG KÝ NGH? nhu "&amp#27;[0m&amp#27;[36m&amp#27;[1m&amp#27;[0m&amp#27;[36m"&amp#27;[0m                        &amp#27;[90m# TaoMoiDangKyNghiDefs.Nhap_TAO_MOI_DANG_KY_NGHI_nhu(String,String>>)&amp#27;[0m
    &amp#27;[36mWhen &amp#27;[0m&amp#27;[36mThuc hien T?O M?I ??NG KÝ NGH? nhu "&amp#27;[0m&amp#27;[36m&amp#27;[1m&amp#27;[0m&amp#27;[36m"&amp#27;[0m                    &amp#27;[90m# TaoMoiDangKyNghiDefs.Thuc_hien_TAO_MOI_DANG_KY_NGHI_nhu(String,String>>)&amp#27;[0m
    &amp#27;[36mThen &amp#27;[0m&amp#27;[36mKiem tra T?O M?I ??NG KÝ NGH? nhu "&amp#27;[0m&amp#27;[36m&amp#27;[1m&amp#27;[0m&amp#27;[36m"&amp#27;[0m                     &amp#27;[90m# TaoMoiDangKyNghiDefs.Kiem_tra_TAO_MOI_DANG_KY_NGHI_nhu(String,String>>)&amp#27;[0m
    &amp#27;[36mWhen &amp#27;[0m&amp#27;[36mThuc hien MAIN PAGE nhu "&amp#27;[0m&amp#27;[36m&amp#27;[1m&amp#27;[0m&amp#27;[36m"&amp#27;[0m                               &amp#27;[90m# MainPageDefs.Thuc_hien_MAIN_PAGE_nhu(String,String>>)&amp#27;[0m
]]></system-out>
    <system-err><![CDATA[[main] INFO net.thucydides.core.steps.ConsoleLoggingListener - Test Suite Started: K?ch b?n ki?m th? ch?c n?ng ??ng ký ngày ngh?
[main] INFO net.thucydides.core.steps.ConsoleLoggingListener - 
 _____ _____ ____ _____   ____ _____  _    ____ _____ _____ ____  
|_   _| ____/ ___|_   _| / ___|_   _|/ \  |  _ \_   _| ____|  _ \ 
  | | |  _| \___ \ | |   \___ \ | | / _ \ | |_) || | |  _| | | | |
  | | | |___ ___) || |    ___) || |/ ___ \|  _ < | | | |___| |_| |
  |_| |_____|____/ |_|   |____/ |_/_/   \_\_| \_\|_| |_____|____/ 
                                                                  

TEST STARTED: K?ch b?n ki?m th? ch?c n?ng ??ng ký ngày ngh?
-------------------------------------------------------------------(k?ch-b?n-ki?m-th?-ch?c-n?ng-??ng-ký-ngày-ngh?;k?ch-b?n-ki?m-th?-ch?c-n?ng-??ng-ký-ngày-ngh?)
[main] ERROR net.thucydides.core.steps.ConsoleLoggingListener - 
           __  _____ _____ ____ _____   _____ _    ___ _     _____ ____  
  _       / / |_   _| ____/ ___|_   _| |  ___/ \  |_ _| |   | ____|  _ \ 
 (_)_____| |    | | |  _| \___ \ | |   | |_ / _ \  | || |   |  _| | | | |
  _|_____| |    | | | |___ ___) || |   |  _/ ___ \ | || |___| |___| |_| |
 (_)     | |    |_| |_____|____/ |_|   |_|/_/   \_\___|_____|_____|____/ 
          \_\                                                            

TEST FAILED WITH ERROR: K?ch b?n ki?m th? ch?c n?ng ??ng ký ngày ngh?
---------------------------------------------------------------------
[main] ERROR net.thucydides.core.steps.ConsoleLoggingListener - TEST FAILED AT STEP Enter email: tranngocanh@vnpt.vn
[main] ERROR net.thucydides.core.steps.ConsoleLoggingListener - no such element: Unable to locate element: {"method":"xpath","selector":"//input[@id='login']"}
]]></system-err>
  </testcase>
  <testcase name="Kịch bản kiểm thử chức năng Đăng ký ngày nghỉ" classname="Kịch bản kiểm thử chức năng Đăng ký ngày nghỉ" time="8.925">
    <error message="Expected condition failed: waiting for presence of element located by: By.xpath: //input[@name=&apos;kinh_gui&apos;] (tried for 5 second(s) with 50 milliseconds interval)" type="org.openqa.selenium.TimeoutException">org.openqa.selenium.TimeoutException: Expected condition failed: waiting for presence of element located by: By.xpath: //input[@name='kinh_gui'] (tried for 5 second(s) with 50 milliseconds interval)
Caused by: org.openqa.selenium.NoSuchElementException: 
no such element: Unable to locate element: {"method":"xpath","selector":"//input[@name='kinh_gui']"}
  (Session info: chrome=78.0.3904.108)
For documentation on this error, please visit: https://www.seleniumhq.org/exceptions/no_such_element.html
Build info: version: '3.141.59', revision: 'e82be7d358', time: '2018-11-14T08:17:03'
System info: host: 'DESKTOP-BJ1JOQA', ip: '192.168.1.12', os.name: 'Windows 10', os.arch: 'amd64', os.version: '10.0', java.version: '1.8.0_111'
Driver info: org.openqa.selenium.chrome.ChromeDriver
Capabilities {acceptInsecureCerts: false, browserName: chrome, browserVersion: 78.0.3904.108, chrome: {chromedriverVersion: 78.0.3904.70 (edb9c9f3de024..., userDataDir: C:\Users\ngocn\AppData\Loca...}, goog:chromeOptions: {debuggerAddress: localhost:61663}, javascriptEnabled: true, networkConnectionEnabled: false, pageLoadStrategy: normal, platform: XP, platformName: XP, proxy: Proxy(), setWindowRect: true, strictFileInteractability: false, timeouts: {implicit: 0, pageLoad: 300000, script: 30000}, unhandledPromptBehavior: dismiss and notify}
Session ID: 4c08000c44b925ec0f40fc054a9e03b5
*** Element info: {Using=xpath, value=//input[@name='kinh_gui']}
</error>
    <system-out><![CDATA[
  @DangKyNghi_CTR
  Scenario Outline: K?ch b?n ki?m th? ch?c n?ng ??ng ký ngày ngh? &amp#27;[90m# src/test/resources/features/2_DangKyNghi_CTR_DATA.feature:62&amp#27;[0m
***** INFO ***** Loading data from Data Table into [SESSION_DATA]
    &amp#27;[32mGiven &amp#27;[0m&amp#27;[32mThiet lap du lieu nhu "&amp#27;[0m&amp#27;[32m&amp#27;[1m&amp#27;[0m&amp#27;[32m"&amp#27;[0m                                &amp#27;[90m# CommonDefs.nguoi_dung_thiet_lap_du_lieu_nhu(String,String>>)&amp#27;[0m
***** INFO ***** Loading data from Data Table into [LOGIN]
    &amp#27;[32mWhen &amp#27;[0m&amp#27;[32mNguoi dung dang nhap vao he thong nhu "&amp#27;[0m&amp#27;[32m&amp#27;[1m&amp#27;[0m&amp#27;[32m"&amp#27;[0m                 &amp#27;[90m# CommonDefs.nguoi_dung_dang_nhap_vao_he_thong_nhu(String,String>>)&amp#27;[0m
***** INFO ***** Loading data from Data Table into [MENU]
    &amp#27;[32mWhen &amp#27;[0m&amp#27;[32mNguoi dung vao menu nhu "&amp#27;[0m&amp#27;[32m&amp#27;[1m&amp#27;[0m&amp#27;[32m"&amp#27;[0m                               &amp#27;[90m# CommonDefs.nguoi_dung_vao_menu_nhu(String,String>>)&amp#27;[0m
***** INFO ***** Loading data from Data Table into [TAO_MOI_DANG_KY_NGHI_NHAP]
***WARNING*** Column [Ng??i liên quan] not found in Data Table [TAO_MOI_DANG_KY_NGHI_NHAP].
***WARNING*** Column [Nhân s? ???c ?y quy?n] not found in Data Table [TAO_MOI_DANG_KY_NGHI_NHAP].
***WARNING*** Column [Ngh? ?i n??c ngoài] not found in Data Table [TAO_MOI_DANG_KY_NGHI_NHAP].
    &amp#27;[31mGiven &amp#27;[0m&amp#27;[31mNhap T?O M?I ??NG KÝ NGH? nhu "&amp#27;[0m&amp#27;[31m&amp#27;[1mTC-003&amp#27;[0m&amp#27;[31m"&amp#27;[0m                  &amp#27;[90m# TaoMoiDangKyNghiDefs.Nhap_TAO_MOI_DANG_KY_NGHI_nhu(String,String>>)&amp#27;[0m
      &amp#27;[31morg.openqa.selenium.TimeoutException: Expected condition failed: waiting for presence of element located by: By.xpath: //input[@name='kinh_gui'] (tried for 5 second(s) with 50 milliseconds interval)
	at org.openqa.selenium.support.ui.FluentWait.timeoutException(FluentWait.java:304)
	at org.openqa.selenium.support.ui.FluentWait.until(FluentWait.java:272)
	at net.serenitybdd.core.pages.RenderedPageObjectView.waitFor(RenderedPageObjectView.java:105)
	at net.serenitybdd.core.pages.PageObject.waitFor(PageObject.java:341)
	at hrm.lib.MyPageObject.waitElementToBePresentThenScrollIntoViewAndHighlight(MyPageObject.java:374)
	at hrm.lib.MyPageObject.XH(MyPageObject.java:382)
	at hrm.lib.MyPageObject.waitClearAndType(MyPageObject.java:557)
	at hrm.pages.DangKyNghi.TaoMoiDangKyNghiPage.enter_kinh_gui(TaoMoiDangKyNghiPage.java:39)
	at hrm.steps.serenity.DangKyNghi.TaoMoiDangKyNghiSteps.enter_kinh_gui(TaoMoiDangKyNghiSteps.java:17)
	at hrm.steps.serenity.DangKyNghi.TaoMoiDangKyNghiSteps$$EnhancerByCGLIB$$4cd1d03d.CGLIB$enter_kinh_gui$63(<generated>)
	at hrm.steps.serenity.DangKyNghi.TaoMoiDangKyNghiSteps$$EnhancerByCGLIB$$4cd1d03d$$FastClassByCGLIB$$38947674.invoke(<generated>)
	at net.sf.cglib.proxy.MethodProxy.invokeSuper(MethodProxy.java:228)
	at net.thucydides.core.steps.StepInterceptor.invokeMethod(StepInterceptor.java:460)
	at net.thucydides.core.steps.StepInterceptor.executeTestStepMethod(StepInterceptor.java:445)
	at net.thucydides.core.steps.StepInterceptor.runTestStep(StepInterceptor.java:420)
	at net.thucydides.core.steps.StepInterceptor.runOrSkipMethod(StepInterceptor.java:175)
	at net.thucydides.core.steps.StepInterceptor.testStepResult(StepInterceptor.java:162)
	at net.thucydides.core.steps.StepInterceptor.intercept(StepInterceptor.java:68)
	at hrm.steps.serenity.DangKyNghi.TaoMoiDangKyNghiSteps$$EnhancerByCGLIB$$4cd1d03d.enter_kinh_gui(<generated>)
	at hrm.steps.defs.TaoMoiDangKyNghiDefs.Nhap_TAO_MOI_DANG_KY_NGHI_nhu(TaoMoiDangKyNghiDefs.java:53)
	at ?.Nhap T?O M?I ??NG KÝ NGH? nhu "TC-003"(src/test/resources/features/2_DangKyNghi_CTR_DATA.feature:15)
Caused by: org.openqa.selenium.NoSuchElementException: no such element: Unable to locate element: {"method":"xpath","selector":"//input[@name='kinh_gui']"}
  (Session info: chrome=78.0.3904.108)
For documentation on this error, please visit: https://www.seleniumhq.org/exceptions/no_such_element.html
Build info: version: '3.141.59', revision: 'e82be7d358', time: '2018-11-14T08:17:03'
System info: host: 'DESKTOP-BJ1JOQA', ip: '192.168.1.12', os.name: 'Windows 10', os.arch: 'amd64', os.version: '10.0', java.version: '1.8.0_111'
Driver info: org.openqa.selenium.chrome.ChromeDriver
Capabilities {acceptInsecureCerts: false, browserName: chrome, browserVersion: 78.0.3904.108, chrome: {chromedriverVersion: 78.0.3904.70 (edb9c9f3de024..., userDataDir: C:\Users\ngocn\AppData\Loca...}, goog:chromeOptions: {debuggerAddress: localhost:61663}, javascriptEnabled: true, networkConnectionEnabled: false, pageLoadStrategy: normal, platform: XP, platformName: XP, proxy: Proxy(), setWindowRect: true, strictFileInteractability: false, timeouts: {implicit: 0, pageLoad: 300000, script: 30000}, unhandledPromptBehavior: dismiss and notify}
Session ID: 4c08000c44b925ec0f40fc054a9e03b5
*** Element info: {Using=xpath, value=//input[@name='kinh_gui']}
	at sun.reflect.NativeConstructorAccessorImpl.newInstance0(Native Method)
	at sun.reflect.NativeConstructorAccessorImpl.newInstance(NativeConstructorAccessorImpl.java:62)
	at sun.reflect.DelegatingConstructorAccessorImpl.newInstance(DelegatingConstructorAccessorImpl.java:45)
	at java.lang.reflect.Constructor.newInstance(Constructor.java:423)
	at org.openqa.selenium.remote.http.W3CHttpResponseCodec.createException(W3CHttpResponseCodec.java:187)
	at org.openqa.selenium.remote.http.W3CHttpResponseCodec.decode(W3CHttpResponseCodec.java:122)
	at org.openqa.selenium.remote.http.W3CHttpResponseCodec.decode(W3CHttpResponseCodec.java:49)
	at org.openqa.selenium.remote.HttpCommandExecutor.execute(HttpCommandExecutor.java:158)
	at org.openqa.selenium.remote.service.DriverCommandExecutor.execute(DriverCommandExecutor.java:83)
	at org.openqa.selenium.remote.RemoteWebDriver.execute(RemoteWebDriver.java:552)
	at org.openqa.selenium.remote.RemoteWebDriver.findElement(RemoteWebDriver.java:323)
	at org.openqa.selenium.remote.RemoteWebDriver.findElementByXPath(RemoteWebDriver.java:428)
	at org.openqa.selenium.By$ByXPath.findElement(By.java:353)
	at org.openqa.selenium.remote.RemoteWebDriver.findElement(RemoteWebDriver.java:315)
	at net.thucydides.core.webdriver.WebDriverFacade.findElement(WebDriverFacade.java:222)
	at org.openqa.selenium.support.ui.ExpectedConditions$6.apply(ExpectedConditions.java:182)
	at org.openqa.selenium.support.ui.ExpectedConditions$6.apply(ExpectedConditions.java:179)
	at org.openqa.selenium.support.ui.FluentWait.until(FluentWait.java:249)
	at net.serenitybdd.core.pages.RenderedPageObjectView.waitFor(RenderedPageObjectView.java:105)
	at net.serenitybdd.core.pages.PageObject.waitFor(PageObject.java:341)
	at hrm.lib.MyPageObject.waitElementToBePresentThenScrollIntoViewAndHighlight(MyPageObject.java:374)
	at hrm.lib.MyPageObject.XH(MyPageObject.java:382)
	at hrm.lib.MyPageObject.waitClearAndType(MyPageObject.java:557)
	at hrm.pages.DangKyNghi.TaoMoiDangKyNghiPage.enter_kinh_gui(TaoMoiDangKyNghiPage.java:39)
	at hrm.steps.serenity.DangKyNghi.TaoMoiDangKyNghiSteps.enter_kinh_gui(TaoMoiDangKyNghiSteps.java:17)
	at hrm.steps.serenity.DangKyNghi.TaoMoiDangKyNghiSteps$$EnhancerByCGLIB$$4cd1d03d.CGLIB$enter_kinh_gui$63(<generated>)
	at hrm.steps.serenity.DangKyNghi.TaoMoiDangKyNghiSteps$$EnhancerByCGLIB$$4cd1d03d$$FastClassByCGLIB$$38947674.invoke(<generated>)
	at net.sf.cglib.proxy.MethodProxy.invokeSuper(MethodProxy.java:228)
	at net.thucydides.core.steps.StepInterceptor.invokeMethod(StepInterceptor.java:460)
	at net.thucydides.core.steps.StepInterceptor.executeTestStepMethod(StepInterceptor.java:445)
	at net.thucydides.core.steps.StepInterceptor.runTestStep(StepInterceptor.java:420)
	at net.thucydides.core.steps.StepInterceptor.runOrSkipMethod(StepInterceptor.java:175)
	at net.thucydides.core.steps.StepInterceptor.testStepResult(StepInterceptor.java:162)
	at net.thucydides.core.steps.StepInterceptor.intercept(StepInterceptor.java:68)
	at hrm.steps.serenity.DangKyNghi.TaoMoiDangKyNghiSteps$$EnhancerByCGLIB$$4cd1d03d.enter_kinh_gui(<generated>)
	at hrm.steps.defs.TaoMoiDangKyNghiDefs.Nhap_TAO_MOI_DANG_KY_NGHI_nhu(TaoMoiDangKyNghiDefs.java:53)
	at sun.reflect.NativeMethodAccessorImpl.invoke0(Native Method)
	at sun.reflect.NativeMethodAccessorImpl.invoke(NativeMethodAccessorImpl.java:62)
	at sun.reflect.DelegatingMethodAccessorImpl.invoke(DelegatingMethodAccessorImpl.java:43)
	at java.lang.reflect.Method.invoke(Method.java:498)
	at cucumber.runtime.Utils$1.call(Utils.java:31)
	at cucumber.runtime.Timeout.timeout(Timeout.java:16)
	at cucumber.runtime.Utils.invoke(Utils.java:25)
	at cucumber.runtime.java.JavaStepDefinition.execute(JavaStepDefinition.java:37)
	at cucumber.runtime.StepDefinitionMatch.runStep(StepDefinitionMatch.java:40)
	at cucumber.api.TestStep.executeStep(TestStep.java:102)
	at cucumber.api.TestStep.run(TestStep.java:83)
	at cucumber.api.TestCase.run(TestCase.java:58)
	at cucumber.runner.Runner.runPickle(Runner.java:80)
	at cucumber.runtime.junit.PickleRunners$NoStepDescriptions.run(PickleRunners.java:140)
	at cucumber.runtime.junit.FeatureRunner.runChild(FeatureRunner.java:68)
	at cucumber.runtime.junit.FeatureRunner.runChild(FeatureRunner.java:23)
	at org.junit.runners.ParentRunner$3.run(ParentRunner.java:290)
	at org.junit.runners.ParentRunner$1.schedule(ParentRunner.java:71)
	at org.junit.runners.ParentRunner.runChildren(ParentRunner.java:288)
	at org.junit.runners.ParentRunner.access$000(ParentRunner.java:58)
	at org.junit.runners.ParentRunner$2.evaluate(ParentRunner.java:268)
	at org.junit.runners.ParentRunner.run(ParentRunner.java:363)
	at cucumber.runtime.junit.FeatureRunner.run(FeatureRunner.java:73)
	at cucumber.api.junit.Cucumber.runChild(Cucumber.java:118)
	at cucumber.api.junit.Cucumber.runChild(Cucumber.java:56)
	at org.junit.runners.ParentRunner$3.run(ParentRunner.java:290)
	at org.junit.runners.ParentRunner$1.schedule(ParentRunner.java:71)
	at org.junit.runners.ParentRunner.runChildren(ParentRunner.java:288)
	at org.junit.runners.ParentRunner.access$000(ParentRunner.java:58)
	at org.junit.runners.ParentRunner$2.evaluate(ParentRunner.java:268)
	at cucumber.api.junit.Cucumber$1.evaluate(Cucumber.java:127)
	at org.junit.runners.ParentRunner.run(ParentRunner.java:363)
	at org.apache.maven.surefire.junit4.JUnit4Provider.execute(JUnit4Provider.java:365)
	at org.apache.maven.surefire.junit4.JUnit4Provider.executeWithRerun(JUnit4Provider.java:273)
	at org.apache.maven.surefire.junit4.JUnit4Provider.executeTestSet(JUnit4Provider.java:238)
	at org.apache.maven.surefire.junit4.JUnit4Provider.invoke(JUnit4Provider.java:159)
	at org.apache.maven.surefire.booter.ForkedBooter.invokeProviderInSameClassLoader(ForkedBooter.java:384)
	at org.apache.maven.surefire.booter.ForkedBooter.runSuitesInProcess(ForkedBooter.java:345)
	at org.apache.maven.surefire.booter.ForkedBooter.execute(ForkedBooter.java:126)
	at org.apache.maven.surefire.booter.ForkedBooter.main(ForkedBooter.java:418)
&amp#27;[0m
    &amp#27;[36mWhen &amp#27;[0m&amp#27;[36mThuc hien T?O M?I ??NG KÝ NGH? nhu "&amp#27;[0m&amp#27;[36m&amp#27;[1mTC-003&amp#27;[0m&amp#27;[36m"&amp#27;[0m              &amp#27;[90m# TaoMoiDangKyNghiDefs.Thuc_hien_TAO_MOI_DANG_KY_NGHI_nhu(String,String>>)&amp#27;[0m
    &amp#27;[36mThen &amp#27;[0m&amp#27;[36mKiem tra T?O M?I ??NG KÝ NGH? nhu "&amp#27;[0m&amp#27;[36m&amp#27;[1mTC-003&amp#27;[0m&amp#27;[36m"&amp#27;[0m               &amp#27;[90m# TaoMoiDangKyNghiDefs.Kiem_tra_TAO_MOI_DANG_KY_NGHI_nhu(String,String>>)&amp#27;[0m
    &amp#27;[36mWhen &amp#27;[0m&amp#27;[36mThuc hien MAIN PAGE nhu "&amp#27;[0m&amp#27;[36m&amp#27;[1m&amp#27;[0m&amp#27;[36m"&amp#27;[0m                               &amp#27;[90m# MainPageDefs.Thuc_hien_MAIN_PAGE_nhu(String,String>>)&amp#27;[0m
]]></system-out>
  </testcase>
  <testcase name="Kịch bản kiểm thử chức năng Đăng ký ngày nghỉ" classname="Kịch bản kiểm thử chức năng Đăng ký ngày nghỉ" time="11.05">
    <error message="Expected condition failed: waiting for presence of element located by: By.xpath: //input[@name=&apos;kinh_gui&apos;] (tried for 5 second(s) with 50 milliseconds interval)" type="org.openqa.selenium.TimeoutException">org.openqa.selenium.TimeoutException: Expected condition failed: waiting for presence of element located by: By.xpath: //input[@name='kinh_gui'] (tried for 5 second(s) with 50 milliseconds interval)
Caused by: org.openqa.selenium.NoSuchElementException: 
no such element: Unable to locate element: {"method":"xpath","selector":"//input[@name='kinh_gui']"}
  (Session info: chrome=78.0.3904.108)
For documentation on this error, please visit: https://www.seleniumhq.org/exceptions/no_such_element.html
Build info: version: '3.141.59', revision: 'e82be7d358', time: '2018-11-14T08:17:03'
System info: host: 'DESKTOP-BJ1JOQA', ip: '192.168.1.12', os.name: 'Windows 10', os.arch: 'amd64', os.version: '10.0', java.version: '1.8.0_111'
Driver info: org.openqa.selenium.chrome.ChromeDriver
Capabilities {acceptInsecureCerts: false, browserName: chrome, browserVersion: 78.0.3904.108, chrome: {chromedriverVersion: 78.0.3904.70 (edb9c9f3de024..., userDataDir: C:\Users\ngocn\AppData\Loca...}, goog:chromeOptions: {debuggerAddress: localhost:61663}, javascriptEnabled: true, networkConnectionEnabled: false, pageLoadStrategy: normal, platform: XP, platformName: XP, proxy: Proxy(), setWindowRect: true, strictFileInteractability: false, timeouts: {implicit: 0, pageLoad: 300000, script: 30000}, unhandledPromptBehavior: dismiss and notify}
Session ID: 4c08000c44b925ec0f40fc054a9e03b5
*** Element info: {Using=xpath, value=//input[@name='kinh_gui']}
</error>
    <system-out><![CDATA[
  @DangKyNghi_CTR
  Scenario Outline: K?ch b?n ki?m th? ch?c n?ng ??ng ký ngày ngh? &amp#27;[90m# src/test/resources/features/2_DangKyNghi_CTR_DATA.feature:63&amp#27;[0m
***** INFO ***** Loading data from Data Table into [SESSION_DATA]
    &amp#27;[32mGiven &amp#27;[0m&amp#27;[32mThiet lap du lieu nhu "&amp#27;[0m&amp#27;[32m&amp#27;[1m&amp#27;[0m&amp#27;[32m"&amp#27;[0m                                &amp#27;[90m# CommonDefs.nguoi_dung_thiet_lap_du_lieu_nhu(String,String>>)&amp#27;[0m
***** INFO ***** Loading data from Data Table into [LOGIN]
    &amp#27;[32mWhen &amp#27;[0m&amp#27;[32mNguoi dung dang nhap vao he thong nhu "&amp#27;[0m&amp#27;[32m&amp#27;[1m&amp#27;[0m&amp#27;[32m"&amp#27;[0m                 &amp#27;[90m# CommonDefs.nguoi_dung_dang_nhap_vao_he_thong_nhu(String,String>>)&amp#27;[0m
***** INFO ***** Loading data from Data Table into [MENU]
    &amp#27;[32mWhen &amp#27;[0m&amp#27;[32mNguoi dung vao menu nhu "&amp#27;[0m&amp#27;[32m&amp#27;[1m&amp#27;[0m&amp#27;[32m"&amp#27;[0m                               &amp#27;[90m# CommonDefs.nguoi_dung_vao_menu_nhu(String,String>>)&amp#27;[0m
***** INFO ***** Loading data from Data Table into [TAO_MOI_DANG_KY_NGHI_NHAP]
***WARNING*** Column [Ng??i liên quan] not found in Data Table [TAO_MOI_DANG_KY_NGHI_NHAP].
***WARNING*** Column [Nhân s? ???c ?y quy?n] not found in Data Table [TAO_MOI_DANG_KY_NGHI_NHAP].
***WARNING*** Column [Ngh? ?i n??c ngoài] not found in Data Table [TAO_MOI_DANG_KY_NGHI_NHAP].
    &amp#27;[31mGiven &amp#27;[0m&amp#27;[31mNhap T?O M?I ??NG KÝ NGH? nhu "&amp#27;[0m&amp#27;[31m&amp#27;[1mTC-005&amp#27;[0m&amp#27;[31m"&amp#27;[0m                  &amp#27;[90m# TaoMoiDangKyNghiDefs.Nhap_TAO_MOI_DANG_KY_NGHI_nhu(String,String>>)&amp#27;[0m
      &amp#27;[31morg.openqa.selenium.TimeoutException: Expected condition failed: waiting for presence of element located by: By.xpath: //input[@name='kinh_gui'] (tried for 5 second(s) with 50 milliseconds interval)
	at org.openqa.selenium.support.ui.FluentWait.timeoutException(FluentWait.java:304)
	at org.openqa.selenium.support.ui.FluentWait.until(FluentWait.java:272)
	at net.serenitybdd.core.pages.RenderedPageObjectView.waitFor(RenderedPageObjectView.java:105)
	at net.serenitybdd.core.pages.PageObject.waitFor(PageObject.java:341)
	at hrm.lib.MyPageObject.waitElementToBePresentThenScrollIntoViewAndHighlight(MyPageObject.java:374)
	at hrm.lib.MyPageObject.XH(MyPageObject.java:382)
	at hrm.lib.MyPageObject.waitClearAndType(MyPageObject.java:557)
	at hrm.pages.DangKyNghi.TaoMoiDangKyNghiPage.enter_kinh_gui(TaoMoiDangKyNghiPage.java:39)
	at hrm.steps.serenity.DangKyNghi.TaoMoiDangKyNghiSteps.enter_kinh_gui(TaoMoiDangKyNghiSteps.java:17)
	at hrm.steps.serenity.DangKyNghi.TaoMoiDangKyNghiSteps$$EnhancerByCGLIB$$4cd1d03d.CGLIB$enter_kinh_gui$63(<generated>)
	at hrm.steps.serenity.DangKyNghi.TaoMoiDangKyNghiSteps$$EnhancerByCGLIB$$4cd1d03d$$FastClassByCGLIB$$38947674.invoke(<generated>)
	at net.sf.cglib.proxy.MethodProxy.invokeSuper(MethodProxy.java:228)
	at net.thucydides.core.steps.StepInterceptor.invokeMethod(StepInterceptor.java:460)
	at net.thucydides.core.steps.StepInterceptor.executeTestStepMethod(StepInterceptor.java:445)
	at net.thucydides.core.steps.StepInterceptor.runTestStep(StepInterceptor.java:420)
	at net.thucydides.core.steps.StepInterceptor.runOrSkipMethod(StepInterceptor.java:175)
	at net.thucydides.core.steps.StepInterceptor.testStepResult(StepInterceptor.java:162)
	at net.thucydides.core.steps.StepInterceptor.intercept(StepInterceptor.java:68)
	at hrm.steps.serenity.DangKyNghi.TaoMoiDangKyNghiSteps$$EnhancerByCGLIB$$4cd1d03d.enter_kinh_gui(<generated>)
	at hrm.steps.defs.TaoMoiDangKyNghiDefs.Nhap_TAO_MOI_DANG_KY_NGHI_nhu(TaoMoiDangKyNghiDefs.java:53)
	at ?.Nhap T?O M?I ??NG KÝ NGH? nhu "TC-005"(src/test/resources/features/2_DangKyNghi_CTR_DATA.feature:15)
Caused by: org.openqa.selenium.NoSuchElementException: no such element: Unable to locate element: {"method":"xpath","selector":"//input[@name='kinh_gui']"}
  (Session info: chrome=78.0.3904.108)
For documentation on this error, please visit: https://www.seleniumhq.org/exceptions/no_such_element.html
Build info: version: '3.141.59', revision: 'e82be7d358', time: '2018-11-14T08:17:03'
System info: host: 'DESKTOP-BJ1JOQA', ip: '192.168.1.12', os.name: 'Windows 10', os.arch: 'amd64', os.version: '10.0', java.version: '1.8.0_111'
Driver info: org.openqa.selenium.chrome.ChromeDriver
Capabilities {acceptInsecureCerts: false, browserName: chrome, browserVersion: 78.0.3904.108, chrome: {chromedriverVersion: 78.0.3904.70 (edb9c9f3de024..., userDataDir: C:\Users\ngocn\AppData\Loca...}, goog:chromeOptions: {debuggerAddress: localhost:61663}, javascriptEnabled: true, networkConnectionEnabled: false, pageLoadStrategy: normal, platform: XP, platformName: XP, proxy: Proxy(), setWindowRect: true, strictFileInteractability: false, timeouts: {implicit: 0, pageLoad: 300000, script: 30000}, unhandledPromptBehavior: dismiss and notify}
Session ID: 4c08000c44b925ec0f40fc054a9e03b5
*** Element info: {Using=xpath, value=//input[@name='kinh_gui']}
	at sun.reflect.NativeConstructorAccessorImpl.newInstance0(Native Method)
	at sun.reflect.NativeConstructorAccessorImpl.newInstance(NativeConstructorAccessorImpl.java:62)
	at sun.reflect.DelegatingConstructorAccessorImpl.newInstance(DelegatingConstructorAccessorImpl.java:45)
	at java.lang.reflect.Constructor.newInstance(Constructor.java:423)
	at org.openqa.selenium.remote.http.W3CHttpResponseCodec.createException(W3CHttpResponseCodec.java:187)
	at org.openqa.selenium.remote.http.W3CHttpResponseCodec.decode(W3CHttpResponseCodec.java:122)
	at org.openqa.selenium.remote.http.W3CHttpResponseCodec.decode(W3CHttpResponseCodec.java:49)
	at org.openqa.selenium.remote.HttpCommandExecutor.execute(HttpCommandExecutor.java:158)
	at org.openqa.selenium.remote.service.DriverCommandExecutor.execute(DriverCommandExecutor.java:83)
	at org.openqa.selenium.remote.RemoteWebDriver.execute(RemoteWebDriver.java:552)
	at org.openqa.selenium.remote.RemoteWebDriver.findElement(RemoteWebDriver.java:323)
	at org.openqa.selenium.remote.RemoteWebDriver.findElementByXPath(RemoteWebDriver.java:428)
	at org.openqa.selenium.By$ByXPath.findElement(By.java:353)
	at org.openqa.selenium.remote.RemoteWebDriver.findElement(RemoteWebDriver.java:315)
	at net.thucydides.core.webdriver.WebDriverFacade.findElement(WebDriverFacade.java:222)
	at org.openqa.selenium.support.ui.ExpectedConditions$6.apply(ExpectedConditions.java:182)
	at org.openqa.selenium.support.ui.ExpectedConditions$6.apply(ExpectedConditions.java:179)
	at org.openqa.selenium.support.ui.FluentWait.until(FluentWait.java:249)
	at net.serenitybdd.core.pages.RenderedPageObjectView.waitFor(RenderedPageObjectView.java:105)
	at net.serenitybdd.core.pages.PageObject.waitFor(PageObject.java:341)
	at hrm.lib.MyPageObject.waitElementToBePresentThenScrollIntoViewAndHighlight(MyPageObject.java:374)
	at hrm.lib.MyPageObject.XH(MyPageObject.java:382)
	at hrm.lib.MyPageObject.waitClearAndType(MyPageObject.java:557)
	at hrm.pages.DangKyNghi.TaoMoiDangKyNghiPage.enter_kinh_gui(TaoMoiDangKyNghiPage.java:39)
	at hrm.steps.serenity.DangKyNghi.TaoMoiDangKyNghiSteps.enter_kinh_gui(TaoMoiDangKyNghiSteps.java:17)
	at hrm.steps.serenity.DangKyNghi.TaoMoiDangKyNghiSteps$$EnhancerByCGLIB$$4cd1d03d.CGLIB$enter_kinh_gui$63(<generated>)
	at hrm.steps.serenity.DangKyNghi.TaoMoiDangKyNghiSteps$$EnhancerByCGLIB$$4cd1d03d$$FastClassByCGLIB$$38947674.invoke(<generated>)
	at net.sf.cglib.proxy.MethodProxy.invokeSuper(MethodProxy.java:228)
	at net.thucydides.core.steps.StepInterceptor.invokeMethod(StepInterceptor.java:460)
	at net.thucydides.core.steps.StepInterceptor.executeTestStepMethod(StepInterceptor.java:445)
	at net.thucydides.core.steps.StepInterceptor.runTestStep(StepInterceptor.java:420)
	at net.thucydides.core.steps.StepInterceptor.runOrSkipMethod(StepInterceptor.java:175)
	at net.thucydides.core.steps.StepInterceptor.testStepResult(StepInterceptor.java:162)
	at net.thucydides.core.steps.StepInterceptor.intercept(StepInterceptor.java:68)
	at hrm.steps.serenity.DangKyNghi.TaoMoiDangKyNghiSteps$$EnhancerByCGLIB$$4cd1d03d.enter_kinh_gui(<generated>)
	at hrm.steps.defs.TaoMoiDangKyNghiDefs.Nhap_TAO_MOI_DANG_KY_NGHI_nhu(TaoMoiDangKyNghiDefs.java:53)
	at sun.reflect.NativeMethodAccessorImpl.invoke0(Native Method)
	at sun.reflect.NativeMethodAccessorImpl.invoke(NativeMethodAccessorImpl.java:62)
	at sun.reflect.DelegatingMethodAccessorImpl.invoke(DelegatingMethodAccessorImpl.java:43)
	at java.lang.reflect.Method.invoke(Method.java:498)
	at cucumber.runtime.Utils$1.call(Utils.java:31)
	at cucumber.runtime.Timeout.timeout(Timeout.java:16)
	at cucumber.runtime.Utils.invoke(Utils.java:25)
	at cucumber.runtime.java.JavaStepDefinition.execute(JavaStepDefinition.java:37)
	at cucumber.runtime.StepDefinitionMatch.runStep(StepDefinitionMatch.java:40)
	at cucumber.api.TestStep.executeStep(TestStep.java:102)
	at cucumber.api.TestStep.run(TestStep.java:83)
	at cucumber.api.TestCase.run(TestCase.java:58)
	at cucumber.runner.Runner.runPickle(Runner.java:80)
	at cucumber.runtime.junit.PickleRunners$NoStepDescriptions.run(PickleRunners.java:140)
	at cucumber.runtime.junit.FeatureRunner.runChild(FeatureRunner.java:68)
	at cucumber.runtime.junit.FeatureRunner.runChild(FeatureRunner.java:23)
	at org.junit.runners.ParentRunner$3.run(ParentRunner.java:290)
	at org.junit.runners.ParentRunner$1.schedule(ParentRunner.java:71)
	at org.junit.runners.ParentRunner.runChildren(ParentRunner.java:288)
	at org.junit.runners.ParentRunner.access$000(ParentRunner.java:58)
	at org.junit.runners.ParentRunner$2.evaluate(ParentRunner.java:268)
	at org.junit.runners.ParentRunner.run(ParentRunner.java:363)
	at cucumber.runtime.junit.FeatureRunner.run(FeatureRunner.java:73)
	at cucumber.api.junit.Cucumber.runChild(Cucumber.java:118)
	at cucumber.api.junit.Cucumber.runChild(Cucumber.java:56)
	at org.junit.runners.ParentRunner$3.run(ParentRunner.java:290)
	at org.junit.runners.ParentRunner$1.schedule(ParentRunner.java:71)
	at org.junit.runners.ParentRunner.runChildren(ParentRunner.java:288)
	at org.junit.runners.ParentRunner.access$000(ParentRunner.java:58)
	at org.junit.runners.ParentRunner$2.evaluate(ParentRunner.java:268)
	at cucumber.api.junit.Cucumber$1.evaluate(Cucumber.java:127)
	at org.junit.runners.ParentRunner.run(ParentRunner.java:363)
	at org.apache.maven.surefire.junit4.JUnit4Provider.execute(JUnit4Provider.java:365)
	at org.apache.maven.surefire.junit4.JUnit4Provider.executeWithRerun(JUnit4Provider.java:273)
	at org.apache.maven.surefire.junit4.JUnit4Provider.executeTestSet(JUnit4Provider.java:238)
	at org.apache.maven.surefire.junit4.JUnit4Provider.invoke(JUnit4Provider.java:159)
	at org.apache.maven.surefire.booter.ForkedBooter.invokeProviderInSameClassLoader(ForkedBooter.java:384)
	at org.apache.maven.surefire.booter.ForkedBooter.runSuitesInProcess(ForkedBooter.java:345)
	at org.apache.maven.surefire.booter.ForkedBooter.execute(ForkedBooter.java:126)
	at org.apache.maven.surefire.booter.ForkedBooter.main(ForkedBooter.java:418)
&amp#27;[0m
    &amp#27;[36mWhen &amp#27;[0m&amp#27;[36mThuc hien T?O M?I ??NG KÝ NGH? nhu "&amp#27;[0m&amp#27;[36m&amp#27;[1mTC-005&amp#27;[0m&amp#27;[36m"&amp#27;[0m              &amp#27;[90m# TaoMoiDangKyNghiDefs.Thuc_hien_TAO_MOI_DANG_KY_NGHI_nhu(String,String>>)&amp#27;[0m
    &amp#27;[36mThen &amp#27;[0m&amp#27;[36mKiem tra T?O M?I ??NG KÝ NGH? nhu "&amp#27;[0m&amp#27;[36m&amp#27;[1mTC-005&amp#27;[0m&amp#27;[36m"&amp#27;[0m               &amp#27;[90m# TaoMoiDangKyNghiDefs.Kiem_tra_TAO_MOI_DANG_KY_NGHI_nhu(String,String>>)&amp#27;[0m
    &amp#27;[36mWhen &amp#27;[0m&amp#27;[36mThuc hien MAIN PAGE nhu "&amp#27;[0m&amp#27;[36m&amp#27;[1m&amp#27;[0m&amp#27;[36m"&amp#27;[0m                               &amp#27;[90m# MainPageDefs.Thuc_hien_MAIN_PAGE_nhu(String,String>>)&amp#27;[0m
]]></system-out>
  </testcase>
  <testcase name="Kịch bản kiểm thử chức năng Đăng ký ngày nghỉ" classname="Kịch bản kiểm thử chức năng Đăng ký ngày nghỉ" time="25.796">
    <error message="Expected condition failed: waiting for presence of element located by: By.xpath: //textarea[@name=&apos;lydo&apos;] (tried for 5 second(s) with 50 milliseconds interval)" type="org.openqa.selenium.TimeoutException">org.openqa.selenium.TimeoutException: Expected condition failed: waiting for presence of element located by: By.xpath: //textarea[@name='lydo'] (tried for 5 second(s) with 50 milliseconds interval)
Caused by: org.openqa.selenium.NoSuchElementException: 
no such element: Unable to locate element: {"method":"xpath","selector":"//textarea[@name='lydo']"}
  (Session info: chrome=78.0.3904.108)
For documentation on this error, please visit: https://www.seleniumhq.org/exceptions/no_such_element.html
Build info: version: '3.141.59', revision: 'e82be7d358', time: '2018-11-14T08:17:03'
System info: host: 'DESKTOP-BJ1JOQA', ip: '192.168.1.12', os.name: 'Windows 10', os.arch: 'amd64', os.version: '10.0', java.version: '1.8.0_111'
Driver info: org.openqa.selenium.chrome.ChromeDriver
Capabilities {acceptInsecureCerts: false, browserName: chrome, browserVersion: 78.0.3904.108, chrome: {chromedriverVersion: 78.0.3904.70 (edb9c9f3de024..., userDataDir: C:\Users\ngocn\AppData\Loca...}, goog:chromeOptions: {debuggerAddress: localhost:61663}, javascriptEnabled: true, networkConnectionEnabled: false, pageLoadStrategy: normal, platform: XP, platformName: XP, proxy: Proxy(), setWindowRect: true, strictFileInteractability: false, timeouts: {implicit: 0, pageLoad: 300000, script: 30000}, unhandledPromptBehavior: dismiss and notify}
Session ID: 4c08000c44b925ec0f40fc054a9e03b5
*** Element info: {Using=xpath, value=//textarea[@name='lydo']}
</error>
    <system-out><![CDATA[
  @DangKyNghi_CTR
  Scenario Outline: K?ch b?n ki?m th? ch?c n?ng ??ng ký ngày ngh? &amp#27;[90m# src/test/resources/features/2_DangKyNghi_CTR_DATA.feature:64&amp#27;[0m
***** INFO ***** Loading data from Data Table into [SESSION_DATA]
    &amp#27;[32mGiven &amp#27;[0m&amp#27;[32mThiet lap du lieu nhu "&amp#27;[0m&amp#27;[32m&amp#27;[1m&amp#27;[0m&amp#27;[32m"&amp#27;[0m                                &amp#27;[90m# CommonDefs.nguoi_dung_thiet_lap_du_lieu_nhu(String,String>>)&amp#27;[0m
***** INFO ***** Loading data from Data Table into [LOGIN]
    &amp#27;[32mWhen &amp#27;[0m&amp#27;[32mNguoi dung dang nhap vao he thong nhu "&amp#27;[0m&amp#27;[32m&amp#27;[1m&amp#27;[0m&amp#27;[32m"&amp#27;[0m                 &amp#27;[90m# CommonDefs.nguoi_dung_dang_nhap_vao_he_thong_nhu(String,String>>)&amp#27;[0m
***** INFO ***** Loading data from Data Table into [MENU]
    &amp#27;[32mWhen &amp#27;[0m&amp#27;[32mNguoi dung vao menu nhu "&amp#27;[0m&amp#27;[32m&amp#27;[1m&amp#27;[0m&amp#27;[32m"&amp#27;[0m                               &amp#27;[90m# CommonDefs.nguoi_dung_vao_menu_nhu(String,String>>)&amp#27;[0m
***** INFO ***** Loading data from Data Table into [TAO_MOI_DANG_KY_NGHI_NHAP]
***WARNING*** Column [Ng??i liên quan] not found in Data Table [TAO_MOI_DANG_KY_NGHI_NHAP].
***WARNING*** Column [Nhân s? ???c ?y quy?n] not found in Data Table [TAO_MOI_DANG_KY_NGHI_NHAP].
***WARNING*** Column [Ngh? ?i n??c ngoài] not found in Data Table [TAO_MOI_DANG_KY_NGHI_NHAP].
    &amp#27;[31mGiven &amp#27;[0m&amp#27;[31mNhap T?O M?I ??NG KÝ NGH? nhu "&amp#27;[0m&amp#27;[31m&amp#27;[1mTC-006&amp#27;[0m&amp#27;[31m"&amp#27;[0m                  &amp#27;[90m# TaoMoiDangKyNghiDefs.Nhap_TAO_MOI_DANG_KY_NGHI_nhu(String,String>>)&amp#27;[0m
      &amp#27;[31morg.openqa.selenium.TimeoutException: Expected condition failed: waiting for presence of element located by: By.xpath: //textarea[@name='lydo'] (tried for 5 second(s) with 50 milliseconds interval)
	at org.openqa.selenium.support.ui.FluentWait.timeoutException(FluentWait.java:304)
	at org.openqa.selenium.support.ui.FluentWait.until(FluentWait.java:272)
	at net.serenitybdd.core.pages.RenderedPageObjectView.waitFor(RenderedPageObjectView.java:105)
	at net.serenitybdd.core.pages.PageObject.waitFor(PageObject.java:341)
	at hrm.lib.MyPageObject.waitElementToBePresentThenScrollIntoViewAndHighlight(MyPageObject.java:374)
	at hrm.lib.MyPageObject.XH(MyPageObject.java:382)
	at hrm.lib.MyPageObject.waitClearAndType(MyPageObject.java:557)
	at hrm.pages.DangKyNghi.TaoMoiDangKyNghiPage.enter_ly_do(TaoMoiDangKyNghiPage.java:81)
	at hrm.steps.serenity.DangKyNghi.TaoMoiDangKyNghiSteps.enter_ly_do(TaoMoiDangKyNghiSteps.java:69)
	at hrm.steps.serenity.DangKyNghi.TaoMoiDangKyNghiSteps$$EnhancerByCGLIB$$4cd1d03d.CGLIB$enter_ly_do$62(<generated>)
	at hrm.steps.serenity.DangKyNghi.TaoMoiDangKyNghiSteps$$EnhancerByCGLIB$$4cd1d03d$$FastClassByCGLIB$$38947674.invoke(<generated>)
	at net.sf.cglib.proxy.MethodProxy.invokeSuper(MethodProxy.java:228)
	at net.thucydides.core.steps.StepInterceptor.invokeMethod(StepInterceptor.java:460)
	at net.thucydides.core.steps.StepInterceptor.executeTestStepMethod(StepInterceptor.java:445)
	at net.thucydides.core.steps.StepInterceptor.runTestStep(StepInterceptor.java:420)
	at net.thucydides.core.steps.StepInterceptor.runOrSkipMethod(StepInterceptor.java:175)
	at net.thucydides.core.steps.StepInterceptor.testStepResult(StepInterceptor.java:162)
	at net.thucydides.core.steps.StepInterceptor.intercept(StepInterceptor.java:68)
	at hrm.steps.serenity.DangKyNghi.TaoMoiDangKyNghiSteps$$EnhancerByCGLIB$$4cd1d03d.enter_ly_do(<generated>)
	at hrm.steps.defs.TaoMoiDangKyNghiDefs.Nhap_TAO_MOI_DANG_KY_NGHI_nhu(TaoMoiDangKyNghiDefs.java:59)
	at ?.Nhap T?O M?I ??NG KÝ NGH? nhu "TC-006"(src/test/resources/features/2_DangKyNghi_CTR_DATA.feature:15)
Caused by: org.openqa.selenium.NoSuchElementException: no such element: Unable to locate element: {"method":"xpath","selector":"//textarea[@name='lydo']"}
  (Session info: chrome=78.0.3904.108)
For documentation on this error, please visit: https://www.seleniumhq.org/exceptions/no_such_element.html
Build info: version: '3.141.59', revision: 'e82be7d358', time: '2018-11-14T08:17:03'
System info: host: 'DESKTOP-BJ1JOQA', ip: '192.168.1.12', os.name: 'Windows 10', os.arch: 'amd64', os.version: '10.0', java.version: '1.8.0_111'
Driver info: org.openqa.selenium.chrome.ChromeDriver
Capabilities {acceptInsecureCerts: false, browserName: chrome, browserVersion: 78.0.3904.108, chrome: {chromedriverVersion: 78.0.3904.70 (edb9c9f3de024..., userDataDir: C:\Users\ngocn\AppData\Loca...}, goog:chromeOptions: {debuggerAddress: localhost:61663}, javascriptEnabled: true, networkConnectionEnabled: false, pageLoadStrategy: normal, platform: XP, platformName: XP, proxy: Proxy(), setWindowRect: true, strictFileInteractability: false, timeouts: {implicit: 0, pageLoad: 300000, script: 30000}, unhandledPromptBehavior: dismiss and notify}
Session ID: 4c08000c44b925ec0f40fc054a9e03b5
*** Element info: {Using=xpath, value=//textarea[@name='lydo']}
	at sun.reflect.GeneratedConstructorAccessor45.newInstance(Unknown Source)
	at sun.reflect.DelegatingConstructorAccessorImpl.newInstance(DelegatingConstructorAccessorImpl.java:45)
	at java.lang.reflect.Constructor.newInstance(Constructor.java:423)
	at org.openqa.selenium.remote.http.W3CHttpResponseCodec.createException(W3CHttpResponseCodec.java:187)
	at org.openqa.selenium.remote.http.W3CHttpResponseCodec.decode(W3CHttpResponseCodec.java:122)
	at org.openqa.selenium.remote.http.W3CHttpResponseCodec.decode(W3CHttpResponseCodec.java:49)
	at org.openqa.selenium.remote.HttpCommandExecutor.execute(HttpCommandExecutor.java:158)
	at org.openqa.selenium.remote.service.DriverCommandExecutor.execute(DriverCommandExecutor.java:83)
	at org.openqa.selenium.remote.RemoteWebDriver.execute(RemoteWebDriver.java:552)
	at org.openqa.selenium.remote.RemoteWebDriver.findElement(RemoteWebDriver.java:323)
	at org.openqa.selenium.remote.RemoteWebDriver.findElementByXPath(RemoteWebDriver.java:428)
	at org.openqa.selenium.By$ByXPath.findElement(By.java:353)
	at org.openqa.selenium.remote.RemoteWebDriver.findElement(RemoteWebDriver.java:315)
	at net.thucydides.core.webdriver.WebDriverFacade.findElement(WebDriverFacade.java:222)
	at org.openqa.selenium.support.ui.ExpectedConditions$6.apply(ExpectedConditions.java:182)
	at org.openqa.selenium.support.ui.ExpectedConditions$6.apply(ExpectedConditions.java:179)
	at org.openqa.selenium.support.ui.FluentWait.until(FluentWait.java:249)
	at net.serenitybdd.core.pages.RenderedPageObjectView.waitFor(RenderedPageObjectView.java:105)
	at net.serenitybdd.core.pages.PageObject.waitFor(PageObject.java:341)
	at hrm.lib.MyPageObject.waitElementToBePresentThenScrollIntoViewAndHighlight(MyPageObject.java:374)
	at hrm.lib.MyPageObject.XH(MyPageObject.java:382)
	at hrm.lib.MyPageObject.waitClearAndType(MyPageObject.java:557)
	at hrm.pages.DangKyNghi.TaoMoiDangKyNghiPage.enter_ly_do(TaoMoiDangKyNghiPage.java:81)
	at hrm.steps.serenity.DangKyNghi.TaoMoiDangKyNghiSteps.enter_ly_do(TaoMoiDangKyNghiSteps.java:69)
	at hrm.steps.serenity.DangKyNghi.TaoMoiDangKyNghiSteps$$EnhancerByCGLIB$$4cd1d03d.CGLIB$enter_ly_do$62(<generated>)
	at hrm.steps.serenity.DangKyNghi.TaoMoiDangKyNghiSteps$$EnhancerByCGLIB$$4cd1d03d$$FastClassByCGLIB$$38947674.invoke(<generated>)
	at net.sf.cglib.proxy.MethodProxy.invokeSuper(MethodProxy.java:228)
	at net.thucydides.core.steps.StepInterceptor.invokeMethod(StepInterceptor.java:460)
	at net.thucydides.core.steps.StepInterceptor.executeTestStepMethod(StepInterceptor.java:445)
	at net.thucydides.core.steps.StepInterceptor.runTestStep(StepInterceptor.java:420)
	at net.thucydides.core.steps.StepInterceptor.runOrSkipMethod(StepInterceptor.java:175)
	at net.thucydides.core.steps.StepInterceptor.testStepResult(StepInterceptor.java:162)
	at net.thucydides.core.steps.StepInterceptor.intercept(StepInterceptor.java:68)
	at hrm.steps.serenity.DangKyNghi.TaoMoiDangKyNghiSteps$$EnhancerByCGLIB$$4cd1d03d.enter_ly_do(<generated>)
	at hrm.steps.defs.TaoMoiDangKyNghiDefs.Nhap_TAO_MOI_DANG_KY_NGHI_nhu(TaoMoiDangKyNghiDefs.java:59)
	at sun.reflect.NativeMethodAccessorImpl.invoke0(Native Method)
	at sun.reflect.NativeMethodAccessorImpl.invoke(NativeMethodAccessorImpl.java:62)
	at sun.reflect.DelegatingMethodAccessorImpl.invoke(DelegatingMethodAccessorImpl.java:43)
	at java.lang.reflect.Method.invoke(Method.java:498)
	at cucumber.runtime.Utils$1.call(Utils.java:31)
	at cucumber.runtime.Timeout.timeout(Timeout.java:16)
	at cucumber.runtime.Utils.invoke(Utils.java:25)
	at cucumber.runtime.java.JavaStepDefinition.execute(JavaStepDefinition.java:37)
	at cucumber.runtime.StepDefinitionMatch.runStep(StepDefinitionMatch.java:40)
	at cucumber.api.TestStep.executeStep(TestStep.java:102)
	at cucumber.api.TestStep.run(TestStep.java:83)
	at cucumber.api.TestCase.run(TestCase.java:58)
	at cucumber.runner.Runner.runPickle(Runner.java:80)
	at cucumber.runtime.junit.PickleRunners$NoStepDescriptions.run(PickleRunners.java:140)
	at cucumber.runtime.junit.FeatureRunner.runChild(FeatureRunner.java:68)
	at cucumber.runtime.junit.FeatureRunner.runChild(FeatureRunner.java:23)
	at org.junit.runners.ParentRunner$3.run(ParentRunner.java:290)
	at org.junit.runners.ParentRunner$1.schedule(ParentRunner.java:71)
	at org.junit.runners.ParentRunner.runChildren(ParentRunner.java:288)
	at org.junit.runners.ParentRunner.access$000(ParentRunner.java:58)
	at org.junit.runners.ParentRunner$2.evaluate(ParentRunner.java:268)
	at org.junit.runners.ParentRunner.run(ParentRunner.java:363)
	at cucumber.runtime.junit.FeatureRunner.run(FeatureRunner.java:73)
	at cucumber.api.junit.Cucumber.runChild(Cucumber.java:118)
	at cucumber.api.junit.Cucumber.runChild(Cucumber.java:56)
	at org.junit.runners.ParentRunner$3.run(ParentRunner.java:290)
	at org.junit.runners.ParentRunner$1.schedule(ParentRunner.java:71)
	at org.junit.runners.ParentRunner.runChildren(ParentRunner.java:288)
	at org.junit.runners.ParentRunner.access$000(ParentRunner.java:58)
	at org.junit.runners.ParentRunner$2.evaluate(ParentRunner.java:268)
	at cucumber.api.junit.Cucumber$1.evaluate(Cucumber.java:127)
	at org.junit.runners.ParentRunner.run(ParentRunner.java:363)
	at org.apache.maven.surefire.junit4.JUnit4Provider.execute(JUnit4Provider.java:365)
	at org.apache.maven.surefire.junit4.JUnit4Provider.executeWithRerun(JUnit4Provider.java:273)
	at org.apache.maven.surefire.junit4.JUnit4Provider.executeTestSet(JUnit4Provider.java:238)
	at org.apache.maven.surefire.junit4.JUnit4Provider.invoke(JUnit4Provider.java:159)
	at org.apache.maven.surefire.booter.ForkedBooter.invokeProviderInSameClassLoader(ForkedBooter.java:384)
	at org.apache.maven.surefire.booter.ForkedBooter.runSuitesInProcess(ForkedBooter.java:345)
	at org.apache.maven.surefire.booter.ForkedBooter.execute(ForkedBooter.java:126)
	at org.apache.maven.surefire.booter.ForkedBooter.main(ForkedBooter.java:418)
&amp#27;[0m
    &amp#27;[36mWhen &amp#27;[0m&amp#27;[36mThuc hien T?O M?I ??NG KÝ NGH? nhu "&amp#27;[0m&amp#27;[36m&amp#27;[1mTC-006&amp#27;[0m&amp#27;[36m"&amp#27;[0m              &amp#27;[90m# TaoMoiDangKyNghiDefs.Thuc_hien_TAO_MOI_DANG_KY_NGHI_nhu(String,String>>)&amp#27;[0m
    &amp#27;[36mThen &amp#27;[0m&amp#27;[36mKiem tra T?O M?I ??NG KÝ NGH? nhu "&amp#27;[0m&amp#27;[36m&amp#27;[1mTC-006&amp#27;[0m&amp#27;[36m"&amp#27;[0m               &amp#27;[90m# TaoMoiDangKyNghiDefs.Kiem_tra_TAO_MOI_DANG_KY_NGHI_nhu(String,String>>)&amp#27;[0m
    &amp#27;[36mWhen &amp#27;[0m&amp#27;[36mThuc hien MAIN PAGE nhu "&amp#27;[0m&amp#27;[36m&amp#27;[1m&amp#27;[0m&amp#27;[36m"&amp#27;[0m                               &amp#27;[90m# MainPageDefs.Thuc_hien_MAIN_PAGE_nhu(String,String>>)&amp#27;[0m
]]></system-out>
    <system-err><![CDATA[[1576087365.925][SEVERE]: Timed out receiving message from renderer: 10.000
[1576087365.925][WARNING]: screenshot failed, retrying
]]></system-err>
  </testcase>
  <testcase name="Kịch bản kiểm thử chức năng Đăng ký ngày nghỉ" classname="Kịch bản kiểm thử chức năng Đăng ký ngày nghỉ" time="23.092">
    <error message="Expected condition failed: waiting for presence of element located by: By.xpath: //div[@name=&apos;holiday_status_id&apos;]//div[@class=&apos;o_input_dropdown&apos;]//input (tried for 5 second(s) with 50 milliseconds interval)" type="org.openqa.selenium.TimeoutException">org.openqa.selenium.TimeoutException: Expected condition failed: waiting for presence of element located by: By.xpath: //div[@name='holiday_status_id']//div[@class='o_input_dropdown']//input (tried for 5 second(s) with 50 milliseconds interval)
Caused by: org.openqa.selenium.NoSuchElementException: 
no such element: Unable to locate element: {"method":"xpath","selector":"//div[@name='holiday_status_id']//div[@class='o_input_dropdown']//input"}
  (Session info: chrome=78.0.3904.108)
For documentation on this error, please visit: https://www.seleniumhq.org/exceptions/no_such_element.html
Build info: version: '3.141.59', revision: 'e82be7d358', time: '2018-11-14T08:17:03'
System info: host: 'DESKTOP-BJ1JOQA', ip: '192.168.1.12', os.name: 'Windows 10', os.arch: 'amd64', os.version: '10.0', java.version: '1.8.0_111'
Driver info: org.openqa.selenium.chrome.ChromeDriver
Capabilities {acceptInsecureCerts: false, browserName: chrome, browserVersion: 78.0.3904.108, chrome: {chromedriverVersion: 78.0.3904.70 (edb9c9f3de024..., userDataDir: C:\Users\ngocn\AppData\Loca...}, goog:chromeOptions: {debuggerAddress: localhost:61663}, javascriptEnabled: true, networkConnectionEnabled: false, pageLoadStrategy: normal, platform: XP, platformName: XP, proxy: Proxy(), setWindowRect: true, strictFileInteractability: false, timeouts: {implicit: 0, pageLoad: 300000, script: 30000}, unhandledPromptBehavior: dismiss and notify}
Session ID: 4c08000c44b925ec0f40fc054a9e03b5
*** Element info: {Using=xpath, value=//div[@name='holiday_status_id']//div[@class='o_input_dropdown']//input}
</error>
    <system-out><![CDATA[
  @DangKyNghi_CTR
  Scenario Outline: K?ch b?n ki?m th? ch?c n?ng ??ng ký ngày ngh? &amp#27;[90m# src/test/resources/features/2_DangKyNghi_CTR_DATA.feature:65&amp#27;[0m
***** INFO ***** Loading data from Data Table into [SESSION_DATA]
    &amp#27;[32mGiven &amp#27;[0m&amp#27;[32mThiet lap du lieu nhu "&amp#27;[0m&amp#27;[32m&amp#27;[1m&amp#27;[0m&amp#27;[32m"&amp#27;[0m                                &amp#27;[90m# CommonDefs.nguoi_dung_thiet_lap_du_lieu_nhu(String,String>>)&amp#27;[0m
***** INFO ***** Loading data from Data Table into [LOGIN]
    &amp#27;[32mWhen &amp#27;[0m&amp#27;[32mNguoi dung dang nhap vao he thong nhu "&amp#27;[0m&amp#27;[32m&amp#27;[1m&amp#27;[0m&amp#27;[32m"&amp#27;[0m                 &amp#27;[90m# CommonDefs.nguoi_dung_dang_nhap_vao_he_thong_nhu(String,String>>)&amp#27;[0m
***** INFO ***** Loading data from Data Table into [MENU]
    &amp#27;[32mWhen &amp#27;[0m&amp#27;[32mNguoi dung vao menu nhu "&amp#27;[0m&amp#27;[32m&amp#27;[1m&amp#27;[0m&amp#27;[32m"&amp#27;[0m                               &amp#27;[90m# CommonDefs.nguoi_dung_vao_menu_nhu(String,String>>)&amp#27;[0m
***** INFO ***** Loading data from Data Table into [TAO_MOI_DANG_KY_NGHI_NHAP]
***WARNING*** Column [Ng??i liên quan] not found in Data Table [TAO_MOI_DANG_KY_NGHI_NHAP].
***WARNING*** Column [Nhân s? ???c ?y quy?n] not found in Data Table [TAO_MOI_DANG_KY_NGHI_NHAP].
***WARNING*** Column [Ngh? ?i n??c ngoài] not found in Data Table [TAO_MOI_DANG_KY_NGHI_NHAP].
    &amp#27;[31mGiven &amp#27;[0m&amp#27;[31mNhap T?O M?I ??NG KÝ NGH? nhu "&amp#27;[0m&amp#27;[31m&amp#27;[1mTC-007&amp#27;[0m&amp#27;[31m"&amp#27;[0m                  &amp#27;[90m# TaoMoiDangKyNghiDefs.Nhap_TAO_MOI_DANG_KY_NGHI_nhu(String,String>>)&amp#27;[0m
      &amp#27;[31morg.openqa.selenium.TimeoutException: Expected condition failed: waiting for presence of element located by: By.xpath: //div[@name='holiday_status_id']//div[@class='o_input_dropdown']//input (tried for 5 second(s) with 50 milliseconds interval)
	at org.openqa.selenium.support.ui.FluentWait.timeoutException(FluentWait.java:304)
	at org.openqa.selenium.support.ui.FluentWait.until(FluentWait.java:272)
	at net.serenitybdd.core.pages.RenderedPageObjectView.waitFor(RenderedPageObjectView.java:105)
	at net.serenitybdd.core.pages.PageObject.waitFor(PageObject.java:341)
	at hrm.lib.MyPageObject.waitElementToBePresentThenScrollIntoViewAndHighlight(MyPageObject.java:374)
	at hrm.lib.MyPageObject.XH(MyPageObject.java:382)
	at hrm.lib.MyPageObject.selectSearchDDL(MyPageObject.java:2694)
	at hrm.pages.DangKyNghi.TaoMoiDangKyNghiPage.select_loai_nghi(TaoMoiDangKyNghiPage.java:188)
	at hrm.steps.serenity.DangKyNghi.TaoMoiDangKyNghiSteps.select_loai_nghi(TaoMoiDangKyNghiSteps.java:199)
	at hrm.steps.serenity.DangKyNghi.TaoMoiDangKyNghiSteps$$EnhancerByCGLIB$$4cd1d03d.CGLIB$select_loai_nghi$65(<generated>)
	at hrm.steps.serenity.DangKyNghi.TaoMoiDangKyNghiSteps$$EnhancerByCGLIB$$4cd1d03d$$FastClassByCGLIB$$38947674.invoke(<generated>)
	at net.sf.cglib.proxy.MethodProxy.invokeSuper(MethodProxy.java:228)
	at net.thucydides.core.steps.StepInterceptor.invokeMethod(StepInterceptor.java:460)
	at net.thucydides.core.steps.StepInterceptor.executeTestStepMethod(StepInterceptor.java:445)
	at net.thucydides.core.steps.StepInterceptor.runTestStep(StepInterceptor.java:420)
	at net.thucydides.core.steps.StepInterceptor.runOrSkipMethod(StepInterceptor.java:175)
	at net.thucydides.core.steps.StepInterceptor.testStepResult(StepInterceptor.java:162)
	at net.thucydides.core.steps.StepInterceptor.intercept(StepInterceptor.java:68)
	at hrm.steps.serenity.DangKyNghi.TaoMoiDangKyNghiSteps$$EnhancerByCGLIB$$4cd1d03d.select_loai_nghi(<generated>)
	at hrm.steps.defs.TaoMoiDangKyNghiDefs.Nhap_TAO_MOI_DANG_KY_NGHI_nhu(TaoMoiDangKyNghiDefs.java:74)
	at ?.Nhap T?O M?I ??NG KÝ NGH? nhu "TC-007"(src/test/resources/features/2_DangKyNghi_CTR_DATA.feature:15)
Caused by: org.openqa.selenium.NoSuchElementException: no such element: Unable to locate element: {"method":"xpath","selector":"//div[@name='holiday_status_id']//div[@class='o_input_dropdown']//input"}
  (Session info: chrome=78.0.3904.108)
For documentation on this error, please visit: https://www.seleniumhq.org/exceptions/no_such_element.html
Build info: version: '3.141.59', revision: 'e82be7d358', time: '2018-11-14T08:17:03'
System info: host: 'DESKTOP-BJ1JOQA', ip: '192.168.1.12', os.name: 'Windows 10', os.arch: 'amd64', os.version: '10.0', java.version: '1.8.0_111'
Driver info: org.openqa.selenium.chrome.ChromeDriver
Capabilities {acceptInsecureCerts: false, browserName: chrome, browserVersion: 78.0.3904.108, chrome: {chromedriverVersion: 78.0.3904.70 (edb9c9f3de024..., userDataDir: C:\Users\ngocn\AppData\Loca...}, goog:chromeOptions: {debuggerAddress: localhost:61663}, javascriptEnabled: true, networkConnectionEnabled: false, pageLoadStrategy: normal, platform: XP, platformName: XP, proxy: Proxy(), setWindowRect: true, strictFileInteractability: false, timeouts: {implicit: 0, pageLoad: 300000, script: 30000}, unhandledPromptBehavior: dismiss and notify}
Session ID: 4c08000c44b925ec0f40fc054a9e03b5
*** Element info: {Using=xpath, value=//div[@name='holiday_status_id']//div[@class='o_input_dropdown']//input}
	at sun.reflect.GeneratedConstructorAccessor45.newInstance(Unknown Source)
	at sun.reflect.DelegatingConstructorAccessorImpl.newInstance(DelegatingConstructorAccessorImpl.java:45)
	at java.lang.reflect.Constructor.newInstance(Constructor.java:423)
	at org.openqa.selenium.remote.http.W3CHttpResponseCodec.createException(W3CHttpResponseCodec.java:187)
	at org.openqa.selenium.remote.http.W3CHttpResponseCodec.decode(W3CHttpResponseCodec.java:122)
	at org.openqa.selenium.remote.http.W3CHttpResponseCodec.decode(W3CHttpResponseCodec.java:49)
	at org.openqa.selenium.remote.HttpCommandExecutor.execute(HttpCommandExecutor.java:158)
	at org.openqa.selenium.remote.service.DriverCommandExecutor.execute(DriverCommandExecutor.java:83)
	at org.openqa.selenium.remote.RemoteWebDriver.execute(RemoteWebDriver.java:552)
	at org.openqa.selenium.remote.RemoteWebDriver.findElement(RemoteWebDriver.java:323)
	at org.openqa.selenium.remote.RemoteWebDriver.findElementByXPath(RemoteWebDriver.java:428)
	at org.openqa.selenium.By$ByXPath.findElement(By.java:353)
	at org.openqa.selenium.remote.RemoteWebDriver.findElement(RemoteWebDriver.java:315)
	at net.thucydides.core.webdriver.WebDriverFacade.findElement(WebDriverFacade.java:222)
	at org.openqa.selenium.support.ui.ExpectedConditions$6.apply(ExpectedConditions.java:182)
	at org.openqa.selenium.support.ui.ExpectedConditions$6.apply(ExpectedConditions.java:179)
	at org.openqa.selenium.support.ui.FluentWait.until(FluentWait.java:249)
	at net.serenitybdd.core.pages.RenderedPageObjectView.waitFor(RenderedPageObjectView.java:105)
	at net.serenitybdd.core.pages.PageObject.waitFor(PageObject.java:341)
	at hrm.lib.MyPageObject.waitElementToBePresentThenScrollIntoViewAndHighlight(MyPageObject.java:374)
	at hrm.lib.MyPageObject.XH(MyPageObject.java:382)
	at hrm.lib.MyPageObject.selectSearchDDL(MyPageObject.java:2694)
	at hrm.pages.DangKyNghi.TaoMoiDangKyNghiPage.select_loai_nghi(TaoMoiDangKyNghiPage.java:188)
	at hrm.steps.serenity.DangKyNghi.TaoMoiDangKyNghiSteps.select_loai_nghi(TaoMoiDangKyNghiSteps.java:199)
	at hrm.steps.serenity.DangKyNghi.TaoMoiDangKyNghiSteps$$EnhancerByCGLIB$$4cd1d03d.CGLIB$select_loai_nghi$65(<generated>)
	at hrm.steps.serenity.DangKyNghi.TaoMoiDangKyNghiSteps$$EnhancerByCGLIB$$4cd1d03d$$FastClassByCGLIB$$38947674.invoke(<generated>)
	at net.sf.cglib.proxy.MethodProxy.invokeSuper(MethodProxy.java:228)
	at net.thucydides.core.steps.StepInterceptor.invokeMethod(StepInterceptor.java:460)
	at net.thucydides.core.steps.StepInterceptor.executeTestStepMethod(StepInterceptor.java:445)
	at net.thucydides.core.steps.StepInterceptor.runTestStep(StepInterceptor.java:420)
	at net.thucydides.core.steps.StepInterceptor.runOrSkipMethod(StepInterceptor.java:175)
	at net.thucydides.core.steps.StepInterceptor.testStepResult(StepInterceptor.java:162)
	at net.thucydides.core.steps.StepInterceptor.intercept(StepInterceptor.java:68)
	at hrm.steps.serenity.DangKyNghi.TaoMoiDangKyNghiSteps$$EnhancerByCGLIB$$4cd1d03d.select_loai_nghi(<generated>)
	at hrm.steps.defs.TaoMoiDangKyNghiDefs.Nhap_TAO_MOI_DANG_KY_NGHI_nhu(TaoMoiDangKyNghiDefs.java:74)
	at sun.reflect.NativeMethodAccessorImpl.invoke0(Native Method)
	at sun.reflect.NativeMethodAccessorImpl.invoke(NativeMethodAccessorImpl.java:62)
	at sun.reflect.DelegatingMethodAccessorImpl.invoke(DelegatingMethodAccessorImpl.java:43)
	at java.lang.reflect.Method.invoke(Method.java:498)
	at cucumber.runtime.Utils$1.call(Utils.java:31)
	at cucumber.runtime.Timeout.timeout(Timeout.java:16)
	at cucumber.runtime.Utils.invoke(Utils.java:25)
	at cucumber.runtime.java.JavaStepDefinition.execute(JavaStepDefinition.java:37)
	at cucumber.runtime.StepDefinitionMatch.runStep(StepDefinitionMatch.java:40)
	at cucumber.api.TestStep.executeStep(TestStep.java:102)
	at cucumber.api.TestStep.run(TestStep.java:83)
	at cucumber.api.TestCase.run(TestCase.java:58)
	at cucumber.runner.Runner.runPickle(Runner.java:80)
	at cucumber.runtime.junit.PickleRunners$NoStepDescriptions.run(PickleRunners.java:140)
	at cucumber.runtime.junit.FeatureRunner.runChild(FeatureRunner.java:68)
	at cucumber.runtime.junit.FeatureRunner.runChild(FeatureRunner.java:23)
	at org.junit.runners.ParentRunner$3.run(ParentRunner.java:290)
	at org.junit.runners.ParentRunner$1.schedule(ParentRunner.java:71)
	at org.junit.runners.ParentRunner.runChildren(ParentRunner.java:288)
	at org.junit.runners.ParentRunner.access$000(ParentRunner.java:58)
	at org.junit.runners.ParentRunner$2.evaluate(ParentRunner.java:268)
	at org.junit.runners.ParentRunner.run(ParentRunner.java:363)
	at cucumber.runtime.junit.FeatureRunner.run(FeatureRunner.java:73)
	at cucumber.api.junit.Cucumber.runChild(Cucumber.java:118)
	at cucumber.api.junit.Cucumber.runChild(Cucumber.java:56)
	at org.junit.runners.ParentRunner$3.run(ParentRunner.java:290)
	at org.junit.runners.ParentRunner$1.schedule(ParentRunner.java:71)
	at org.junit.runners.ParentRunner.runChildren(ParentRunner.java:288)
	at org.junit.runners.ParentRunner.access$000(ParentRunner.java:58)
	at org.junit.runners.ParentRunner$2.evaluate(ParentRunner.java:268)
	at cucumber.api.junit.Cucumber$1.evaluate(Cucumber.java:127)
	at org.junit.runners.ParentRunner.run(ParentRunner.java:363)
	at org.apache.maven.surefire.junit4.JUnit4Provider.execute(JUnit4Provider.java:365)
	at org.apache.maven.surefire.junit4.JUnit4Provider.executeWithRerun(JUnit4Provider.java:273)
	at org.apache.maven.surefire.junit4.JUnit4Provider.executeTestSet(JUnit4Provider.java:238)
	at org.apache.maven.surefire.junit4.JUnit4Provider.invoke(JUnit4Provider.java:159)
	at org.apache.maven.surefire.booter.ForkedBooter.invokeProviderInSameClassLoader(ForkedBooter.java:384)
	at org.apache.maven.surefire.booter.ForkedBooter.runSuitesInProcess(ForkedBooter.java:345)
	at org.apache.maven.surefire.booter.ForkedBooter.execute(ForkedBooter.java:126)
	at org.apache.maven.surefire.booter.ForkedBooter.main(ForkedBooter.java:418)
&amp#27;[0m
    &amp#27;[36mWhen &amp#27;[0m&amp#27;[36mThuc hien T?O M?I ??NG KÝ NGH? nhu "&amp#27;[0m&amp#27;[36m&amp#27;[1mTC-007&amp#27;[0m&amp#27;[36m"&amp#27;[0m              &amp#27;[90m# TaoMoiDangKyNghiDefs.Thuc_hien_TAO_MOI_DANG_KY_NGHI_nhu(String,String>>)&amp#27;[0m
    &amp#27;[36mThen &amp#27;[0m&amp#27;[36mKiem tra T?O M?I ??NG KÝ NGH? nhu "&amp#27;[0m&amp#27;[36m&amp#27;[1mTC-007&amp#27;[0m&amp#27;[36m"&amp#27;[0m               &amp#27;[90m# TaoMoiDangKyNghiDefs.Kiem_tra_TAO_MOI_DANG_KY_NGHI_nhu(String,String>>)&amp#27;[0m
    &amp#27;[36mWhen &amp#27;[0m&amp#27;[36mThuc hien MAIN PAGE nhu "&amp#27;[0m&amp#27;[36m&amp#27;[1m&amp#27;[0m&amp#27;[36m"&amp#27;[0m                               &amp#27;[90m# MainPageDefs.Thuc_hien_MAIN_PAGE_nhu(String,String>>)&amp#27;[0m
]]></system-out>
  </testcase>
  <testcase name="Kịch bản kiểm thử chức năng Đăng ký ngày nghỉ" classname="Kịch bản kiểm thử chức năng Đăng ký ngày nghỉ" time="22.895">
    <error message="Expected condition failed: waiting for presence of element located by: By.xpath: //div[@name=&apos;date_from&apos;]//input[@name=&apos;date_from&apos;] (tried for 5 second(s) with 50 milliseconds interval)" type="org.openqa.selenium.TimeoutException">org.openqa.selenium.TimeoutException: Expected condition failed: waiting for presence of element located by: By.xpath: //div[@name='date_from']//input[@name='date_from'] (tried for 5 second(s) with 50 milliseconds interval)
Caused by: org.openqa.selenium.NoSuchElementException: 
no such element: Unable to locate element: {"method":"xpath","selector":"//div[@name='date_from']//input[@name='date_from']"}
  (Session info: chrome=78.0.3904.108)
For documentation on this error, please visit: https://www.seleniumhq.org/exceptions/no_such_element.html
Build info: version: '3.141.59', revision: 'e82be7d358', time: '2018-11-14T08:17:03'
System info: host: 'DESKTOP-BJ1JOQA', ip: '192.168.1.12', os.name: 'Windows 10', os.arch: 'amd64', os.version: '10.0', java.version: '1.8.0_111'
Driver info: org.openqa.selenium.chrome.ChromeDriver
Capabilities {acceptInsecureCerts: false, browserName: chrome, browserVersion: 78.0.3904.108, chrome: {chromedriverVersion: 78.0.3904.70 (edb9c9f3de024..., userDataDir: C:\Users\ngocn\AppData\Loca...}, goog:chromeOptions: {debuggerAddress: localhost:61663}, javascriptEnabled: true, networkConnectionEnabled: false, pageLoadStrategy: normal, platform: XP, platformName: XP, proxy: Proxy(), setWindowRect: true, strictFileInteractability: false, timeouts: {implicit: 0, pageLoad: 300000, script: 30000}, unhandledPromptBehavior: dismiss and notify}
Session ID: 4c08000c44b925ec0f40fc054a9e03b5
*** Element info: {Using=xpath, value=//div[@name='date_from']//input[@name='date_from']}
</error>
    <system-out><![CDATA[
  @DangKyNghi_CTR
  Scenario Outline: K?ch b?n ki?m th? ch?c n?ng ??ng ký ngày ngh? &amp#27;[90m# src/test/resources/features/2_DangKyNghi_CTR_DATA.feature:66&amp#27;[0m
***** INFO ***** Loading data from Data Table into [SESSION_DATA]
    &amp#27;[32mGiven &amp#27;[0m&amp#27;[32mThiet lap du lieu nhu "&amp#27;[0m&amp#27;[32m&amp#27;[1m&amp#27;[0m&amp#27;[32m"&amp#27;[0m                                &amp#27;[90m# CommonDefs.nguoi_dung_thiet_lap_du_lieu_nhu(String,String>>)&amp#27;[0m
***** INFO ***** Loading data from Data Table into [LOGIN]
    &amp#27;[32mWhen &amp#27;[0m&amp#27;[32mNguoi dung dang nhap vao he thong nhu "&amp#27;[0m&amp#27;[32m&amp#27;[1m&amp#27;[0m&amp#27;[32m"&amp#27;[0m                 &amp#27;[90m# CommonDefs.nguoi_dung_dang_nhap_vao_he_thong_nhu(String,String>>)&amp#27;[0m
***** INFO ***** Loading data from Data Table into [MENU]
    &amp#27;[32mWhen &amp#27;[0m&amp#27;[32mNguoi dung vao menu nhu "&amp#27;[0m&amp#27;[32m&amp#27;[1m&amp#27;[0m&amp#27;[32m"&amp#27;[0m                               &amp#27;[90m# CommonDefs.nguoi_dung_vao_menu_nhu(String,String>>)&amp#27;[0m
***** INFO ***** Loading data from Data Table into [TAO_MOI_DANG_KY_NGHI_NHAP]
***WARNING*** Column [Ng??i liên quan] not found in Data Table [TAO_MOI_DANG_KY_NGHI_NHAP].
***WARNING*** Column [Nhân s? ???c ?y quy?n] not found in Data Table [TAO_MOI_DANG_KY_NGHI_NHAP].
***WARNING*** Column [Ngh? ?i n??c ngoài] not found in Data Table [TAO_MOI_DANG_KY_NGHI_NHAP].
    &amp#27;[31mGiven &amp#27;[0m&amp#27;[31mNhap T?O M?I ??NG KÝ NGH? nhu "&amp#27;[0m&amp#27;[31m&amp#27;[1mTC-008&amp#27;[0m&amp#27;[31m"&amp#27;[0m                  &amp#27;[90m# TaoMoiDangKyNghiDefs.Nhap_TAO_MOI_DANG_KY_NGHI_nhu(String,String>>)&amp#27;[0m
      &amp#27;[31morg.openqa.selenium.TimeoutException: Expected condition failed: waiting for presence of element located by: By.xpath: //div[@name='date_from']//input[@name='date_from'] (tried for 5 second(s) with 50 milliseconds interval)
	at org.openqa.selenium.support.ui.FluentWait.timeoutException(FluentWait.java:304)
	at org.openqa.selenium.support.ui.FluentWait.until(FluentWait.java:272)
	at net.serenitybdd.core.pages.RenderedPageObjectView.waitFor(RenderedPageObjectView.java:105)
	at net.serenitybdd.core.pages.PageObject.waitFor(PageObject.java:341)
	at hrm.lib.MyPageObject.waitElementToBePresentThenScrollIntoViewAndHighlight(MyPageObject.java:374)
	at hrm.lib.MyPageObject.XH(MyPageObject.java:382)
	at hrm.lib.MyPageObject.waitClearAndTypeThenTab(MyPageObject.java:571)
	at hrm.pages.DangKyNghi.TaoMoiDangKyNghiPage.enter_tu_ngay(TaoMoiDangKyNghiPage.java:209)
	at hrm.steps.serenity.DangKyNghi.TaoMoiDangKyNghiSteps.enter_tu_ngay(TaoMoiDangKyNghiSteps.java:225)
	at hrm.steps.serenity.DangKyNghi.TaoMoiDangKyNghiSteps$$EnhancerByCGLIB$$4cd1d03d.CGLIB$enter_tu_ngay$79(<generated>)
	at hrm.steps.serenity.DangKyNghi.TaoMoiDangKyNghiSteps$$EnhancerByCGLIB$$4cd1d03d$$FastClassByCGLIB$$38947674.invoke(<generated>)
	at net.sf.cglib.proxy.MethodProxy.invokeSuper(MethodProxy.java:228)
	at net.thucydides.core.steps.StepInterceptor.invokeMethod(StepInterceptor.java:460)
	at net.thucydides.core.steps.StepInterceptor.executeTestStepMethod(StepInterceptor.java:445)
	at net.thucydides.core.steps.StepInterceptor.runTestStep(StepInterceptor.java:420)
	at net.thucydides.core.steps.StepInterceptor.runOrSkipMethod(StepInterceptor.java:175)
	at net.thucydides.core.steps.StepInterceptor.testStepResult(StepInterceptor.java:162)
	at net.thucydides.core.steps.StepInterceptor.intercept(StepInterceptor.java:68)
	at hrm.steps.serenity.DangKyNghi.TaoMoiDangKyNghiSteps$$EnhancerByCGLIB$$4cd1d03d.enter_tu_ngay(<generated>)
	at hrm.steps.defs.TaoMoiDangKyNghiDefs.Nhap_TAO_MOI_DANG_KY_NGHI_nhu(TaoMoiDangKyNghiDefs.java:80)
	at ?.Nhap T?O M?I ??NG KÝ NGH? nhu "TC-008"(src/test/resources/features/2_DangKyNghi_CTR_DATA.feature:15)
Caused by: org.openqa.selenium.NoSuchElementException: no such element: Unable to locate element: {"method":"xpath","selector":"//div[@name='date_from']//input[@name='date_from']"}
  (Session info: chrome=78.0.3904.108)
For documentation on this error, please visit: https://www.seleniumhq.org/exceptions/no_such_element.html
Build info: version: '3.141.59', revision: 'e82be7d358', time: '2018-11-14T08:17:03'
System info: host: 'DESKTOP-BJ1JOQA', ip: '192.168.1.12', os.name: 'Windows 10', os.arch: 'amd64', os.version: '10.0', java.version: '1.8.0_111'
Driver info: org.openqa.selenium.chrome.ChromeDriver
Capabilities {acceptInsecureCerts: false, browserName: chrome, browserVersion: 78.0.3904.108, chrome: {chromedriverVersion: 78.0.3904.70 (edb9c9f3de024..., userDataDir: C:\Users\ngocn\AppData\Loca...}, goog:chromeOptions: {debuggerAddress: localhost:61663}, javascriptEnabled: true, networkConnectionEnabled: false, pageLoadStrategy: normal, platform: XP, platformName: XP, proxy: Proxy(), setWindowRect: true, strictFileInteractability: false, timeouts: {implicit: 0, pageLoad: 300000, script: 30000}, unhandledPromptBehavior: dismiss and notify}
Session ID: 4c08000c44b925ec0f40fc054a9e03b5
*** Element info: {Using=xpath, value=//div[@name='date_from']//input[@name='date_from']}
	at sun.reflect.GeneratedConstructorAccessor45.newInstance(Unknown Source)
	at sun.reflect.DelegatingConstructorAccessorImpl.newInstance(DelegatingConstructorAccessorImpl.java:45)
	at java.lang.reflect.Constructor.newInstance(Constructor.java:423)
	at org.openqa.selenium.remote.http.W3CHttpResponseCodec.createException(W3CHttpResponseCodec.java:187)
	at org.openqa.selenium.remote.http.W3CHttpResponseCodec.decode(W3CHttpResponseCodec.java:122)
	at org.openqa.selenium.remote.http.W3CHttpResponseCodec.decode(W3CHttpResponseCodec.java:49)
	at org.openqa.selenium.remote.HttpCommandExecutor.execute(HttpCommandExecutor.java:158)
	at org.openqa.selenium.remote.service.DriverCommandExecutor.execute(DriverCommandExecutor.java:83)
	at org.openqa.selenium.remote.RemoteWebDriver.execute(RemoteWebDriver.java:552)
	at org.openqa.selenium.remote.RemoteWebDriver.findElement(RemoteWebDriver.java:323)
	at org.openqa.selenium.remote.RemoteWebDriver.findElementByXPath(RemoteWebDriver.java:428)
	at org.openqa.selenium.By$ByXPath.findElement(By.java:353)
	at org.openqa.selenium.remote.RemoteWebDriver.findElement(RemoteWebDriver.java:315)
	at net.thucydides.core.webdriver.WebDriverFacade.findElement(WebDriverFacade.java:222)
	at org.openqa.selenium.support.ui.ExpectedConditions$6.apply(ExpectedConditions.java:182)
[...]
      &amp#27;[31morg.openqa.selenium.TimeoutException: Expected condition failed: waiting for presence of element located by: By.xpath: //input[@name='kinh_gui'] (tried for 5 second(s) with 50 milliseconds interval)
	at org.openqa.selenium.support.ui.FluentWait.timeoutException(FluentWait.java:304)
	at org.openqa.selenium.support.ui.FluentWait.until(FluentWait.java:272)
	at net.serenitybdd.core.pages.RenderedPageObjectView.waitFor(RenderedPageObjectView.java:105)
	at net.serenitybdd.core.pages.PageObject.waitFor(PageObject.java:341)
	at hrm.lib.MyPageObject.waitElementToBePresentThenScrollIntoViewAndHighlight(MyPageObject.java:374)
	at hrm.lib.MyPageObject.XH(MyPageObject.java:382)
	at hrm.lib.MyPageObject.waitClearAndType(MyPageObject.java:557)
	at hrm.pages.DangKyNghi.TaoMoiDangKyNghiPage.enter_kinh_gui(TaoMoiDangKyNghiPage.java:39)
	at hrm.steps.serenity.DangKyNghi.TaoMoiDangKyNghiSteps.enter_kinh_gui(TaoMoiDangKyNghiSteps.java:17)
	at hrm.steps.serenity.DangKyNghi.TaoMoiDangKyNghiSteps$$EnhancerByCGLIB$$4cd1d03d.CGLIB$enter_kinh_gui$63(<generated>)
	at hrm.steps.serenity.DangKyNghi.TaoMoiDangKyNghiSteps$$EnhancerByCGLIB$$4cd1d03d$$FastClassByCGLIB$$38947674.invoke(<generated>)
	at net.sf.cglib.proxy.MethodProxy.invokeSuper(MethodProxy.java:228)
	at net.thucydides.core.steps.StepInterceptor.invokeMethod(StepInterceptor.java:460)
	at net.thucydides.core.steps.StepInterceptor.executeTestStepMethod(StepInterceptor.java:445)
	at net.thucydides.core.steps.StepInterceptor.runTestStep(StepInterceptor.java:420)
	at net.thucydides.core.steps.StepInterceptor.runOrSkipMethod(StepInterceptor.java:175)
	at net.thucydides.core.steps.StepInterceptor.testStepResult(StepInterceptor.java:162)
	at net.thucydides.core.steps.StepInterceptor.intercept(StepInterceptor.java:68)
	at hrm.steps.serenity.DangKyNghi.TaoMoiDangKyNghiSteps$$EnhancerByCGLIB$$4cd1d03d.enter_kinh_gui(<generated>)
	at hrm.steps.defs.TaoMoiDangKyNghiDefs.Nhap_TAO_MOI_DANG_KY_NGHI_nhu(TaoMoiDangKyNghiDefs.java:53)
	at ?.Nhap T?O M?I ??NG KÝ NGH? nhu "TC-013"(src/test/resources/features/2_DangKyNghi_CTR_DATA.feature:15)
Caused by: org.openqa.selenium.NoSuchElementException: no such element: Unable to locate element: {"method":"xpath","selector":"//input[@name='kinh_gui']"}
  (Session info: chrome=78.0.3904.108)
For documentation on this error, please visit: https://www.seleniumhq.org/exceptions/no_such_element.html
Build info: version: '3.141.59', revision: 'e82be7d358', time: '2018-11-14T08:17:03'
System info: host: 'DESKTOP-BJ1JOQA', ip: '192.168.1.12', os.name: 'Windows 10', os.arch: 'amd64', os.version: '10.0', java.version: '1.8.0_111'
Driver info: org.openqa.selenium.chrome.ChromeDriver
Capabilities {acceptInsecureCerts: false, browserName: chrome, browserVersion: 78.0.3904.108, chrome: {chromedriverVersion: 78.0.3904.70 (edb9c9f3de024..., userDataDir: C:\Users\ngocn\AppData\Loca...}, goog:chromeOptions: {debuggerAddress: localhost:61663}, javascriptEnabled: true, networkConnectionEnabled: false, pageLoadStrategy: normal, platform: XP, platformName: XP, proxy: Proxy(), setWindowRect: true, strictFileInteractability: false, timeouts: {implicit: 0, pageLoad: 300000, script: 30000}, unhandledPromptBehavior: dismiss and notify}
Session ID: 4c08000c44b925ec0f40fc054a9e03b5
*** Element info: {Using=xpath, value=//input[@name='kinh_gui']}
	at sun.reflect.GeneratedConstructorAccessor45.newInstance(Unknown Source)
	at sun.reflect.DelegatingConstructorAccessorImpl.newInstance(DelegatingConstructorAccessorImpl.java:45)
	at java.lang.reflect.Constructor.newInstance(Constructor.java:423)
	at org.openqa.selenium.remote.http.W3CHttpResponseCodec.createException(W3CHttpResponseCodec.java:187)
	at org.openqa.selenium.remote.http.W3CHttpResponseCodec.decode(W3CHttpResponseCodec.java:122)
	at org.openqa.selenium.remote.http.W3CHttpResponseCodec.decode(W3CHttpResponseCodec.java:49)
	at org.openqa.selenium.remote.HttpCommandExecutor.execute(HttpCommandExecutor.java:158)
	at org.openqa.selenium.remote.service.DriverCommandExecutor.execute(DriverCommandExecutor.java:83)
	at org.openqa.selenium.remote.RemoteWebDriver.execute(RemoteWebDriver.java:552)
	at org.openqa.selenium.remote.RemoteWebDriver.findElement(RemoteWebDriver.java:323)
	at org.openqa.selenium.remote.RemoteWebDriver.findElementByXPath(RemoteWebDriver.java:428)
	at org.openqa.selenium.By$ByXPath.findElement(By.java:353)
	at org.openqa.selenium.remote.RemoteWebDriver.findElement(RemoteWebDriver.java:315)
	at net.thucydides.core.webdriver.WebDriverFacade.findElement(WebDriverFacade.java:222)
	at org.openqa.selenium.support.ui.ExpectedConditions$6.apply(ExpectedConditions.java:182)
	at org.openqa.selenium.support.ui.ExpectedConditions$6.apply(ExpectedConditions.java:179)
	at org.openqa.selenium.support.ui.FluentWait.until(FluentWait.java:249)
	at net.serenitybdd.core.pages.RenderedPageObjectView.waitFor(RenderedPageObjectView.java:105)
	at net.serenitybdd.core.pages.PageObject.waitFor(PageObject.java:341)
	at hrm.lib.MyPageObject.waitElementToBePresentThenScrollIntoViewAndHighlight(MyPageObject.java:374)
	at hrm.lib.MyPageObject.XH(MyPageObject.java:382)
	at hrm.lib.MyPageObject.waitClearAndType(MyPageObject.java:557)
	at hrm.pages.DangKyNghi.TaoMoiDangKyNghiPage.enter_kinh_gui(TaoMoiDangKyNghiPage.java:39)
	at hrm.steps.serenity.DangKyNghi.TaoMoiDangKyNghiSteps.enter_kinh_gui(TaoMoiDangKyNghiSteps.java:17)
	at hrm.steps.serenity.DangKyNghi.TaoMoiDangKyNghiSteps$$EnhancerByCGLIB$$4cd1d03d.CGLIB$enter_kinh_gui$63(<generated>)
	at hrm.steps.serenity.DangKyNghi.TaoMoiDangKyNghiSteps$$EnhancerByCGLIB$$4cd1d03d$$FastClassByCGLIB$$38947674.invoke(<generated>)
	at net.sf.cglib.proxy.MethodProxy.invokeSuper(MethodProxy.java:228)
	at net.thucydides.core.steps.StepInterceptor.invokeMethod(StepInterceptor.java:460)
	at net.thucydides.core.steps.StepInterceptor.executeTestStepMethod(StepInterceptor.java:445)
	at net.thucydides.core.steps.StepInterceptor.runTestStep(StepInterceptor.java:420)
	at net.thucydides.core.steps.StepInterceptor.runOrSkipMethod(StepInterceptor.java:175)
	at net.thucydides.core.steps.StepInterceptor.testStepResult(StepInterceptor.java:162)
	at net.thucydides.core.steps.StepInterceptor.intercept(StepInterceptor.java:68)
	at hrm.steps.serenity.DangKyNghi.TaoMoiDangKyNghiSteps$$EnhancerByCGLIB$$4cd1d03d.enter_kinh_gui(<generated>)
	at hrm.steps.defs.TaoMoiDangKyNghiDefs.Nhap_TAO_MOI_DANG_KY_NGHI_nhu(TaoMoiDangKyNghiDefs.java:53)
	at sun.reflect.GeneratedMethodAccessor49.invoke(Unknown Source)
	at sun.reflect.DelegatingMethodAccessorImpl.invoke(DelegatingMethodAccessorImpl.java:43)
	at java.lang.reflect.Method.invoke(Method.java:498)
	at cucumber.runtime.Utils$1.call(Utils.java:31)
	at cucumber.runtime.Timeout.timeout(Timeout.java:16)
	at cucumber.runtime.Utils.invoke(Utils.java:25)
	at cucumber.runtime.java.JavaStepDefinition.execute(JavaStepDefinition.java:37)
	at cucumber.runtime.StepDefinitionMatch.runStep(StepDefinitionMatch.java:40)
	at cucumber.api.TestStep.executeStep(TestStep.java:102)
	at cucumber.api.TestStep.run(TestStep.java:83)
	at cucumber.api.TestCase.run(TestCase.java:58)
	at cucumber.runner.Runner.runPickle(Runner.java:80)
	at cucumber.runtime.junit.PickleRunners$NoStepDescriptions.run(PickleRunners.java:140)
	at cucumber.runtime.junit.FeatureRunner.runChild(FeatureRunner.java:68)
	at cucumber.runtime.junit.FeatureRunner.runChild(FeatureRunner.java:23)
	at org.junit.runners.ParentRunner$3.run(ParentRunner.java:290)
	at org.junit.runners.ParentRunner$1.schedule(ParentRunner.java:71)
	at org.junit.runners.ParentRunner.runChildren(ParentRunner.java:288)
	at org.junit.runners.ParentRunner.access$000(ParentRunner.java:58)
	at org.junit.runners.ParentRunner$2.evaluate(ParentRunner.java:268)
	at org.junit.runners.ParentRunner.run(ParentRunner.java:363)
	at cucumber.runtime.junit.FeatureRunner.run(FeatureRunner.java:73)
	at cucumber.api.junit.Cucumber.runChild(Cucumber.java:118)
	at cucumber.api.junit.Cucumber.runChild(Cucumber.java:56)
	at org.junit.runners.ParentRunner$3.run(ParentRunner.java:290)
	at org.junit.runners.ParentRunner$1.schedule(ParentRunner.java:71)
	at org.junit.runners.ParentRunner.runChildren(ParentRunner.java:288)
	at org.junit.runners.ParentRunner.access$000(ParentRunner.java:58)
	at org.junit.runners.ParentRunner$2.evaluate(ParentRunner.java:268)
	at cucumber.api.junit.Cucumber$1.evaluate(Cucumber.java:127)
	at org.junit.runners.ParentRunner.run(ParentRunner.java:363)
	at org.apache.maven.surefire.junit4.JUnit4Provider.execute(JUnit4Provider.java:365)
	at org.apache.maven.surefire.junit4.JUnit4Provider.executeWithRerun(JUnit4Provider.java:273)
	at org.apache.maven.surefire.junit4.JUnit4Provider.executeTestSet(JUnit4Provider.java:238)
	at org.apache.maven.surefire.junit4.JUnit4Provider.invoke(JUnit4Provider.java:159)
	at org.apache.maven.surefire.booter.ForkedBooter.invokeProviderInSameClassLoader(ForkedBooter.java:384)
	at org.apache.maven.surefire.booter.ForkedBooter.runSuitesInProcess(ForkedBooter.java:345)
	at org.apache.maven.surefire.booter.ForkedBooter.execute(ForkedBooter.java:126)
	at org.apache.maven.surefire.booter.ForkedBooter.main(ForkedBooter.java:418)
&amp#27;[0m
    &amp#27;[36mWhen &amp#27;[0m&amp#27;[36mThuc hien T?O M?I ??NG KÝ NGH? nhu "&amp#27;[0m&amp#27;[36m&amp#27;[1mTC-013&amp#27;[0m&amp#27;[36m"&amp#27;[0m              &amp#27;[90m# TaoMoiDangKyNghiDefs.Thuc_hien_TAO_MOI_DANG_KY_NGHI_nhu(String,String>>)&amp#27;[0m
    &amp#27;[36mThen &amp#27;[0m&amp#27;[36mKiem tra T?O M?I ??NG KÝ NGH? nhu "&amp#27;[0m&amp#27;[36m&amp#27;[1mTC-013&amp#27;[0m&amp#27;[36m"&amp#27;[0m               &amp#27;[90m# TaoMoiDangKyNghiDefs.Kiem_tra_TAO_MOI_DANG_KY_NGHI_nhu(String,String>>)&amp#27;[0m
    &amp#27;[36mWhen &amp#27;[0m&amp#27;[36mThuc hien MAIN PAGE nhu "&amp#27;[0m&amp#27;[36m&amp#27;[1m&amp#27;[0m&amp#27;[36m"&amp#27;[0m                               &amp#27;[90m# MainPageDefs.Thuc_hien_MAIN_PAGE_nhu(String,String>>)&amp#27;[0m
]]></system-out>
  </testcase>
  <testcase name="Kịch bản kiểm thử chức năng Đăng ký ngày nghỉ" classname="Kịch bản kiểm thử chức năng Đăng ký ngày nghỉ" time="17.702">
    <error message="Expected enabled element was not enabled" type="net.thucydides.core.webdriver.exceptions.ElementShouldBeEnabledException">net.thucydides.core.webdriver.exceptions.ElementShouldBeEnabledException: Expected enabled element was not enabled
Caused by: org.openqa.selenium.TimeoutException: 
Expected condition failed: waiting for By.xpath: //button[@class='btn btn-secondary o_form_button_cancel'] to be clickable (tried for 5 second(s) with 100 milliseconds interval)
Build info: version: '3.141.59', revision: 'e82be7d358', time: '2018-11-14T08:17:03'
System info: host: 'DESKTOP-BJ1JOQA', ip: '192.168.1.12', os.name: 'Windows 10', os.arch: 'amd64', os.version: '10.0', java.version: '1.8.0_111'
Driver info: driver.version: unknown
</error>
    <system-out><![CDATA[
  @DangKyNghi_CTR
  Scenario Outline: K?ch b?n ki?m th? ch?c n?ng ??ng ký ngày ngh? &amp#27;[90m# src/test/resources/features/2_DangKyNghi_CTR_DATA.feature:75&amp#27;[0m
***** INFO ***** Loading data from Data Table into [SESSION_DATA]
    &amp#27;[32mGiven &amp#27;[0m&amp#27;[32mThiet lap du lieu nhu "&amp#27;[0m&amp#27;[32m&amp#27;[1m&amp#27;[0m&amp#27;[32m"&amp#27;[0m                                &amp#27;[90m# CommonDefs.nguoi_dung_thiet_lap_du_lieu_nhu(String,String>>)&amp#27;[0m
***** INFO ***** Loading data from Data Table into [LOGIN]
    &amp#27;[32mWhen &amp#27;[0m&amp#27;[32mNguoi dung dang nhap vao he thong nhu "&amp#27;[0m&amp#27;[32m&amp#27;[1m&amp#27;[0m&amp#27;[32m"&amp#27;[0m                 &amp#27;[90m# CommonDefs.nguoi_dung_dang_nhap_vao_he_thong_nhu(String,String>>)&amp#27;[0m
***** INFO ***** Loading data from Data Table into [MENU]
    &amp#27;[32mWhen &amp#27;[0m&amp#27;[32mNguoi dung vao menu nhu "&amp#27;[0m&amp#27;[32m&amp#27;[1m&amp#27;[0m&amp#27;[32m"&amp#27;[0m                               &amp#27;[90m# CommonDefs.nguoi_dung_vao_menu_nhu(String,String>>)&amp#27;[0m
***** INFO ***** Loading data from Data Table into [TAO_MOI_DANG_KY_NGHI_NHAP]
    &amp#27;[32mGiven &amp#27;[0m&amp#27;[32mNhap T?O M?I ??NG KÝ NGH? nhu "&amp#27;[0m&amp#27;[32m&amp#27;[1m&amp#27;[0m&amp#27;[32m"&amp#27;[0m                        &amp#27;[90m# TaoMoiDangKyNghiDefs.Nhap_TAO_MOI_DANG_KY_NGHI_nhu(String,String>>)&amp#27;[0m
***** INFO ***** Loading data from Data Table into [TAO_MOI_DANG_KY_NGHI_THUC_HIEN]
    &amp#27;[31mWhen &amp#27;[0m&amp#27;[31mThuc hien T?O M?I ??NG KÝ NGH? nhu "&amp#27;[0m&amp#27;[31m&amp#27;[1mHUY&amp#27;[0m&amp#27;[31m"&amp#27;[0m                 &amp#27;[90m# TaoMoiDangKyNghiDefs.Thuc_hien_TAO_MOI_DANG_KY_NGHI_nhu(String,String>>)&amp#27;[0m
      &amp#27;[31mnet.thucydides.core.webdriver.exceptions.ElementShouldBeEnabledException: Expected enabled element was not enabled
	at net.serenitybdd.core.pages.WebElementFacadeImpl.waitUntilClickable(WebElementFacadeImpl.java:1161)
	at hrm.lib.MyPageObject.clickOnElement(MyPageObject.java:450)
	at hrm.pages.DangKyNghi.TaoMoiDangKyNghiPage.click_huy_bo(TaoMoiDangKyNghiPage.java:330)
	at hrm.steps.serenity.DangKyNghi.TaoMoiDangKyNghiSteps.click_huy_bo(TaoMoiDangKyNghiSteps.java:374)
	at hrm.steps.serenity.DangKyNghi.TaoMoiDangKyNghiSteps$$EnhancerByCGLIB$$4cd1d03d.CGLIB$click_huy_bo$50(<generated>)
	at hrm.steps.serenity.DangKyNghi.TaoMoiDangKyNghiSteps$$EnhancerByCGLIB$$4cd1d03d$$FastClassByCGLIB$$38947674.invoke(<generated>)
	at net.sf.cglib.proxy.MethodProxy.invokeSuper(MethodProxy.java:228)
	at net.thucydides.core.steps.StepInterceptor.invokeMethod(StepInterceptor.java:460)
	at net.thucydides.core.steps.StepInterceptor.executeTestStepMethod(StepInterceptor.java:445)
	at net.thucydides.core.steps.StepInterceptor.runTestStep(StepInterceptor.java:420)
	at net.thucydides.core.steps.StepInterceptor.runOrSkipMethod(StepInterceptor.java:175)
	at net.thucydides.core.steps.StepInterceptor.testStepResult(StepInterceptor.java:162)
	at net.thucydides.core.steps.StepInterceptor.intercept(StepInterceptor.java:68)
	at hrm.steps.serenity.DangKyNghi.TaoMoiDangKyNghiSteps$$EnhancerByCGLIB$$4cd1d03d.click_huy_bo(<generated>)
	at hrm.steps.defs.TaoMoiDangKyNghiDefs.Thuc_hien_TAO_MOI_DANG_KY_NGHI_nhu(TaoMoiDangKyNghiDefs.java:215)
	at ?.Thuc hien T?O M?I ??NG KÝ NGH? nhu "HUY"(src/test/resources/features/2_DangKyNghi_CTR_DATA.feature:27)
Caused by: org.openqa.selenium.TimeoutException: Expected condition failed: waiting for By.xpath: //button[@class='btn btn-secondary o_form_button_cancel'] to be clickable (tried for 5 second(s) with 100 milliseconds interval)
Build info: version: '3.141.59', revision: 'e82be7d358', time: '2018-11-14T08:17:03'
System info: host: 'DESKTOP-BJ1JOQA', ip: '192.168.1.12', os.name: 'Windows 10', os.arch: 'amd64', os.version: '10.0', java.version: '1.8.0_111'
Driver info: driver.version: unknown
	at org.openqa.selenium.support.ui.FluentWait.timeoutException(FluentWait.java:304)
	at org.openqa.selenium.support.ui.FluentWait.until(FluentWait.java:272)
	at net.serenitybdd.core.pages.WebElementFacadeImpl.waitUntilClickable(WebElementFacadeImpl.java:1158)
	at hrm.lib.MyPageObject.clickOnElement(MyPageObject.java:450)
	at hrm.pages.DangKyNghi.TaoMoiDangKyNghiPage.click_huy_bo(TaoMoiDangKyNghiPage.java:330)
	at hrm.steps.serenity.DangKyNghi.TaoMoiDangKyNghiSteps.click_huy_bo(TaoMoiDangKyNghiSteps.java:374)
	at hrm.steps.serenity.DangKyNghi.TaoMoiDangKyNghiSteps$$EnhancerByCGLIB$$4cd1d03d.CGLIB$click_huy_bo$50(<generated>)
	at hrm.steps.serenity.DangKyNghi.TaoMoiDangKyNghiSteps$$EnhancerByCGLIB$$4cd1d03d$$FastClassByCGLIB$$38947674.invoke(<generated>)
	at net.sf.cglib.proxy.MethodProxy.invokeSuper(MethodProxy.java:228)
	at net.thucydides.core.steps.StepInterceptor.invokeMethod(StepInterceptor.java:460)
	at net.thucydides.core.steps.StepInterceptor.executeTestStepMethod(StepInterceptor.java:445)
	at net.thucydides.core.steps.StepInterceptor.runTestStep(StepInterceptor.java:420)
	at net.thucydides.core.steps.StepInterceptor.runOrSkipMethod(StepInterceptor.java:175)
	at net.thucydides.core.steps.StepInterceptor.testStepResult(StepInterceptor.java:162)
	at net.thucydides.core.steps.StepInterceptor.intercept(StepInterceptor.java:68)
	at hrm.steps.serenity.DangKyNghi.TaoMoiDangKyNghiSteps$$EnhancerByCGLIB$$4cd1d03d.click_huy_bo(<generated>)
	at hrm.steps.defs.TaoMoiDangKyNghiDefs.Thuc_hien_TAO_MOI_DANG_KY_NGHI_nhu(TaoMoiDangKyNghiDefs.java:215)
	at sun.reflect.NativeMethodAccessorImpl.invoke0(Native Method)
	at sun.reflect.NativeMethodAccessorImpl.invoke(NativeMethodAccessorImpl.java:62)
	at sun.reflect.DelegatingMethodAccessorImpl.invoke(DelegatingMethodAccessorImpl.java:43)
	at java.lang.reflect.Method.invoke(Method.java:498)
	at cucumber.runtime.Utils$1.call(Utils.java:31)
	at cucumber.runtime.Timeout.timeout(Timeout.java:16)
	at cucumber.runtime.Utils.invoke(Utils.java:25)
	at cucumber.runtime.java.JavaStepDefinition.execute(JavaStepDefinition.java:37)
	at cucumber.runtime.StepDefinitionMatch.runStep(StepDefinitionMatch.java:40)
	at cucumber.api.TestStep.executeStep(TestStep.java:102)
	at cucumber.api.TestStep.run(TestStep.java:83)
	at cucumber.api.TestCase.run(TestCase.java:58)
	at cucumber.runner.Runner.runPickle(Runner.java:80)
	at cucumber.runtime.junit.PickleRunners$NoStepDescriptions.run(PickleRunners.java:140)
	at cucumber.runtime.junit.FeatureRunner.runChild(FeatureRunner.java:68)
	at cucumber.runtime.junit.FeatureRunner.runChild(FeatureRunner.java:23)
	at org.junit.runners.ParentRunner$3.run(ParentRunner.java:290)
	at org.junit.runners.ParentRunner$1.schedule(ParentRunner.java:71)
	at org.junit.runners.ParentRunner.runChildren(ParentRunner.java:288)
	at org.junit.runners.ParentRunner.access$000(ParentRunner.java:58)
	at org.junit.runners.ParentRunner$2.evaluate(ParentRunner.java:268)
	at org.junit.runners.ParentRunner.run(ParentRunner.java:363)
	at cucumber.runtime.junit.FeatureRunner.run(FeatureRunner.java:73)
	at cucumber.api.junit.Cucumber.runChild(Cucumber.java:118)
	at cucumber.api.junit.Cucumber.runChild(Cucumber.java:56)
	at org.junit.runners.ParentRunner$3.run(ParentRunner.java:290)
	at org.junit.runners.ParentRunner$1.schedule(ParentRunner.java:71)
	at org.junit.runners.ParentRunner.runChildren(ParentRunner.java:288)
	at org.junit.runners.ParentRunner.access$000(ParentRunner.java:58)
	at org.junit.runners.ParentRunner$2.evaluate(ParentRunner.java:268)
	at cucumber.api.junit.Cucumber$1.evaluate(Cucumber.java:127)
	at org.junit.runners.ParentRunner.run(ParentRunner.java:363)
	at org.apache.maven.surefire.junit4.JUnit4Provider.execute(JUnit4Provider.java:365)
	at org.apache.maven.surefire.junit4.JUnit4Provider.executeWithRerun(JUnit4Provider.java:273)
	at org.apache.maven.surefire.junit4.JUnit4Provider.executeTestSet(JUnit4Provider.java:238)
	at org.apache.maven.surefire.junit4.JUnit4Provider.invoke(JUnit4Provider.java:159)
	at org.apache.maven.surefire.booter.ForkedBooter.invokeProviderInSameClassLoader(ForkedBooter.java:384)
	at org.apache.maven.surefire.booter.ForkedBooter.runSuitesInProcess(ForkedBooter.java:345)
	at org.apache.maven.surefire.booter.ForkedBooter.execute(ForkedBooter.java:126)
	at org.apache.maven.surefire.booter.ForkedBooter.main(ForkedBooter.java:418)
&amp#27;[0m
    &amp#27;[36mThen &amp#27;[0m&amp#27;[36mKiem tra T?O M?I ??NG KÝ NGH? nhu "&amp#27;[0m&amp#27;[36m&amp#27;[1m&amp#27;[0m&amp#27;[36m"&amp#27;[0m                     &amp#27;[90m# TaoMoiDangKyNghiDefs.Kiem_tra_TAO_MOI_DANG_KY_NGHI_nhu(String,String>>)&amp#27;[0m
    &amp#27;[36mWhen &amp#27;[0m&amp#27;[36mThuc hien MAIN PAGE nhu "&amp#27;[0m&amp#27;[36m&amp#27;[1m&amp#27;[0m&amp#27;[36m"&amp#27;[0m                               &amp#27;[90m# MainPageDefs.Thuc_hien_MAIN_PAGE_nhu(String,String>>)&amp#27;[0m
]]></system-out>
  </testcase>
  <testcase name="Log to excel" classname="Kịch bản kiểm thử chức năng Đăng ký ngày nghỉ" time="4.96"/>
</testsuite>